2026-01-30 21:40:34.489 [warning] Dir "/home/sundersan0807/.pixi/envs" is not watchable (directory does not exist)
2026-01-30 21:40:35.402 [info] Skipping ActivatedEnv Detection:  process.env.VSCODE_CLI !== '1'
2026-01-30 21:40:35.413 [info] Python interpreter path: ./venv/bin/python
2026-01-30 21:40:37.543 [info] > pyenv which python
2026-01-30 21:40:37.543 [info] cwd: .
2026-01-30 21:40:41.610 [info] Send text to terminal: source /home/sundersan0807/venv/bin/activate
2026-01-30 21:40:43.141 [info] Starting Jedi language server for sundersan0807.
2026-01-30 21:48:30.673 [info] Discover tests for workspace name: sundersan0807 - uri: /home/sundersan0807/config/settings.py
2026-01-30 21:48:59.736 [info] Discover tests for workspace name: sundersan0807 - uri: /home/sundersan0807/config/settings.py
2026-01-30 21:50:40.658 [info] Discover tests for workspace name: sundersan0807 - uri: /home/sundersan0807/config/settings.py
2026-01-30 21:50:49.250 [info] Discover tests for workspace name: sundersan0807 - uri: /home/sundersan0807/config/settings.py
2026-01-30 21:50:58.637 [info] Discover tests for workspace name: sundersan0807 - uri: /home/sundersan0807/config/settings.py
2026-01-30 21:51:01.708 [info] Discover tests for workspace name: sundersan0807 - uri: /home/sundersan0807/config/settings.py
2026-01-30 21:53:40.985 [info] Discover tests for workspace name: undefined - uri: /User/settings.json
2026-01-30 21:53:41.896 [info] Discover tests for workspace name: undefined - uri: /User/settings.json
2026-01-30 21:53:47.643 [info] Discover tests for workspace name: undefined - uri: /User/settings.json
2026-01-30 21:53:51.787 [info] Discover tests for workspace name: undefined - uri: /User/settings.json
2026-01-30 21:53:53.914 [info] Discover tests for workspace name: undefined - uri: /User/settings.json
2026-01-30 22:05:12.571 [info] Discover tests for workspace name: sundersan0807 - uri: /home/sundersan0807/masters/models.py
2026-01-30 22:06:07.213 [info] Discover tests for workspace name: sundersan0807 - uri: /home/sundersan0807/masters/admin.py
2026-01-30 22:07:19.667 [info] Discover tests for workspace name: sundersan0807 - uri: /home/sundersan0807/config/settings.py
2026-01-30 22:07:20.882 [info] Discover tests for workspace name: sundersan0807 - uri: /home/sundersan0807/config/settings.py
2026-01-30 22:07:22.944 [info] Discover tests for workspace name: sundersan0807 - uri: /home/sundersan0807/config/settings.py
2026-01-30 22:07:35.153 [info] Discover tests for workspace name: sundersan0807 - uri: /home/sundersan0807/config/settings.py
2026-01-30 22:11:04.249 [info] Discover tests for workspace name: sundersan0807 - uri: /home/sundersan0807/logs/models.py
2026-01-30 22:11:34.828 [info] Discover tests for workspace name: sundersan0807 - uri: /home/sundersan0807/logs/admin.py
2026-01-30 22:11:50.436 [info] Discover tests for workspace name: sundersan0807 - uri: /home/sundersan0807/logs/admin.py
2026-01-30 22:11:52.251 [info] Discover tests for workspace name: sundersan0807 - uri: /home/sundersan0807/logs/admin.py
2026-01-30 22:11:55.432 [info] Discover tests for workspace name: sundersan0807 - uri: /home/sundersan0807/logs/admin.py
2026-01-30 22:11:57.724 [info] Discover tests for workspace name: sundersan0807 - uri: /home/sundersan0807/logs/admin.py
2026-01-30 22:11:59.960 [info] Discover tests for workspace name: sundersan0807 - uri: /home/sundersan0807/logs/admin.py
2026-01-30 22:12:28.114 [info] Discover tests for workspace name: sundersan0807 - uri: /home/sundersan0807/logs/admin.py
2026-01-30 22:12:34.550 [info] Discover tests for workspace name: sundersan0807 - uri: /home/sundersan0807/logs/admin.py
2026-01-30 22:12:36.736 [info] Discover tests for workspace name: sundersan0807 - uri: /home/sundersan0807/logs/admin.py
2026-01-30 22:16:40.012 [info] Discover tests for workspace name: sundersan0807 - uri: /home/sundersan0807/logs/admin.py
2026-01-30 22:17:11.299 [info] Discover tests for workspace name: sundersan0807 - uri: /home/sundersan0807/logs/admin.py
2026-01-30 22:17:13.283 [info] Discover tests for workspace name: sundersan0807 - uri: /home/sundersan0807/logs/admin.py
2026-01-30 22:17:23.364 [info] Discover tests for workspace name: sundersan0807 - uri: /home/sundersan0807/logs/admin.py
2026-01-30 22:17:26.803 [info] Discover tests for workspace name: sundersan0807 - uri: /home/sundersan0807/logs/admin.py
2026-01-30 22:18:07.887 [info] Discover tests for workspace name: sundersan0807 - uri: /home/sundersan0807/logs/admin.py
2026-01-30 22:18:09.499 [info] Discover tests for workspace name: sundersan0807 - uri: /home/sundersan0807/logs/admin.py
2026-01-30 22:18:14.397 [info] Discover tests for workspace name: sundersan0807 - uri: /home/sundersan0807/logs/admin.py
2026-01-30 22:19:02.384 [info] Discover tests for workspace name: sundersan0807 - uri: /home/sundersan0807/config/settings.py
2026-01-30 22:30:22.466 [info] Discover tests for workspace name: sundersan0807 - uri: /home/sundersan0807/config/settings.py
2026-01-30 22:30:24.282 [info] Discover tests for workspace name: sundersan0807 - uri: /home/sundersan0807/config/settings.py
2026-01-30 22:32:53.681 [info] Discover tests for workspace name: sundersan0807 - uri: /home/sundersan0807/logs/admin.py
2026-01-30 22:32:57.211 [info] Discover tests for workspace name: sundersan0807 - uri: /home/sundersan0807/logs/admin.py
2026-01-30 22:34:43.864 [info] Discover tests for workspace name: sundersan0807 - uri: /home/sundersan0807/logs/admin.py
2026-01-30 22:34:47.144 [info] Discover tests for workspace name: sundersan0807 - uri: /home/sundersan0807/logs/admin.py
2026-01-30 22:34:48.571 [info] Discover tests for workspace name: sundersan0807 - uri: /home/sundersan0807/logs/admin.py
2026-01-30 22:34:50.124 [info] Discover tests for workspace name: sundersan0807 - uri: /home/sundersan0807/logs/admin.py
2026-01-30 22:34:56.704 [info] Discover tests for workspace name: sundersan0807 - uri: /home/sundersan0807/logs/admin.py
2026-01-30 22:34:57.863 [info] Discover tests for workspace name: sundersan0807 - uri: /home/sundersan0807/logs/admin.py
2026-01-30 22:34:59.833 [info] Discover tests for workspace name: sundersan0807 - uri: /home/sundersan0807/logs/admin.py
