Initializing document watcher...
Document watcher initialized
sundersan0807/logs/admin.py: {"tabSize":4,"indentSize":4,"insertSpaces":true,"cursorStyle":1,"lineNumbers":1}
sundersan0807/logs/admin.py: {"tabSize":4,"indentSize":4,"insertSpaces":true,"cursorStyle":1,"lineNumbers":1}
sundersan0807/logs/admin.py: {"tabSize":4,"indentSize":4,"insertSpaces":true,"cursorStyle":1,"lineNumbers":1}
No more open editors.
sundersan0807/config/settings.py: {"tabSize":4,"indentSize":4,"insertSpaces":true,"cursorStyle":1,"lineNumbers":1}
sundersan0807/config/settings.py: {"tabSize":4,"indentSize":4,"insertSpaces":true,"cursorStyle":1,"lineNumbers":1}
sundersan0807/config/settings.py: Using EditorConfig core...
sundersan0807/config/settings.py: {"tabSize":4,"indentSize":4,"insertSpaces":true,"cursorStyle":1,"lineNumbers":1}
sundersan0807/config/settings.py: {"tabSize":4,"indentSize":4,"insertSpaces":true,"cursorStyle":1,"lineNumbers":1}
sundersan0807/config/settings.py: {"tabSize":4,"indentSize":4,"insertSpaces":true,"cursorStyle":1,"lineNumbers":1}
sundersan0807/clients/serializers.py: {"tabSize":4,"indentSize":4,"insertSpaces":true,"cursorStyle":1,"lineNumbers":1}
sundersan0807/clients/serializers.py: {"tabSize":4,"indentSize":4,"insertSpaces":true,"cursorStyle":1,"lineNumbers":1}
sundersan0807/clients/serializers.py: Using EditorConfig core...
sundersan0807/clients/serializers.py: Using EditorConfig core...
sundersan0807/clients/serializers.py: {"tabSize":4,"indentSize":4,"insertSpaces":true,"cursorStyle":1,"lineNumbers":1}
sundersan0807/clients/views.py: {"tabSize":4,"indentSize":4,"insertSpaces":true,"cursorStyle":1,"lineNumbers":1}
sundersan0807/clients/views.py: Using EditorConfig core...
sundersan0807/clients/views.py: {"tabSize":4,"indentSize":4,"insertSpaces":true,"cursorStyle":1,"lineNumbers":1}
sundersan0807/clients/url.py: {"tabSize":4,"indentSize":4,"insertSpaces":true,"cursorStyle":1,"lineNumbers":1}
sundersan0807/clients/url.py: Using EditorConfig core...
sundersan0807/clients/url.py: Using EditorConfig core...
sundersan0807/clients/url.py: {"tabSize":4,"indentSize":4,"insertSpaces":true,"cursorStyle":1,"lineNumbers":1}
sundersan0807/clients/url.py: {"tabSize":4,"indentSize":4,"insertSpaces":true,"cursorStyle":1,"lineNumbers":1}
sundersan0807/config/urls.py: {"tabSize":4,"indentSize":4,"insertSpaces":true,"cursorStyle":1,"lineNumbers":1}
sundersan0807/config/urls.py: Using EditorConfig core...
sundersan0807/config/urls.py: Using EditorConfig core...
sundersan0807/config/urls.py: {"tabSize":4,"indentSize":4,"insertSpaces":true,"cursorStyle":1,"lineNumbers":1}
sundersan0807/config/urls.py: Using EditorConfig core...
sundersan0807/config/urls.py: Using EditorConfig core...
sundersan0807/config/urls.py: Using EditorConfig core...
sundersan0807/config/urls.py: Using EditorConfig core...
sundersan0807/config/urls.py: Using EditorConfig core...
sundersan0807/config/urls.py: Using EditorConfig core...
sundersan0807/config/urls.py: Using EditorConfig core...
sundersan0807/config/urls.py: {"tabSize":4,"indentSize":4,"insertSpaces":true,"cursorStyle":1,"lineNumbers":1}
sundersan0807/config/urls.py: {"tabSize":4,"indentSize":4,"insertSpaces":true,"cursorStyle":1,"lineNumbers":1}
sundersan0807/config/urls.py: Using EditorConfig core...
sundersan0807/config/urls.py: Using EditorConfig core...
sundersan0807/config/urls.py: Using EditorConfig core...
sundersan0807/config/urls.py: Using EditorConfig core...
sundersan0807/config/urls.py: Using EditorConfig core...
sundersan0807/config/urls.py: Using EditorConfig core...
sundersan0807/config/urls.py: Using EditorConfig core...
sundersan0807/config/urls.py: {"tabSize":4,"indentSize":4,"insertSpaces":true,"cursorStyle":1,"lineNumbers":1}
sundersan0807/clients/url.py: {"tabSize":4,"indentSize":4,"insertSpaces":true,"cursorStyle":1,"lineNumbers":1}
sundersan0807/clients/urls.py: {"tabSize":4,"indentSize":4,"insertSpaces":true,"cursorStyle":1,"lineNumbers":1}
