2026-01-31 04:54:25.165 [info] [main] Log level: Info
2026-01-31 04:54:25.165 [info] [main] Validating found git in: "git"
2026-01-31 04:54:25.165 [info] [main] Using git "2.43.0" from "git"
2026-01-31 04:54:25.165 [info] [Model][doInitialScan] Initial repository scan started
2026-01-31 04:54:25.165 [info] > git rev-parse --show-toplevel [41ms]
2026-01-31 04:54:25.165 [info] > git rev-parse --git-dir --git-common-dir --show-superproject-working-tree [4ms]
2026-01-31 04:54:25.165 [info] [Model][openRepository] Opened repository (path): /home/sundersan0807
2026-01-31 04:54:25.165 [info] [Model][openRepository] Opened repository (real path): /home/sundersan0807
2026-01-31 04:54:25.165 [info] [Model][openRepository] Opened repository (kind): repository
2026-01-31 04:54:25.165 [info] > git config --get commit.template [6ms]
2026-01-31 04:54:25.165 [info] > git rev-parse --show-toplevel [2ms]
2026-01-31 04:54:25.165 [info] > git rev-parse --show-toplevel [1ms]
2026-01-31 04:54:25.165 [info] > git rev-parse --show-toplevel [2ms]
2026-01-31 04:54:25.165 [info] > git for-each-ref --format=%(refname)%00%(upstream:short)%00%(objectname)%00%(upstream:track)%00%(upstream:remotename)%00%(upstream:remoteref) refs/heads/master refs/remotes/master [19ms]
2026-01-31 04:54:25.165 [info] > git status -z -uall [260ms]
2026-01-31 04:54:25.165 [info] > git rev-parse --show-toplevel [267ms]
2026-01-31 04:54:25.165 [info] > git for-each-ref --sort -committerdate --format %(refname)%00%(objectname)%00%(*objectname) [269ms]
2026-01-31 04:54:25.165 [info] > git for-each-ref --format=%(refname)%00%(upstream:short)%00%(objectname)%00%(upstream:track)%00%(upstream:remotename)%00%(upstream:remoteref) refs/heads/master refs/remotes/master [34ms]
2026-01-31 04:54:25.165 [info] > git rev-parse --show-toplevel [106ms]
2026-01-31 04:54:25.165 [info] > git config --get commit.template [30ms]
2026-01-31 04:54:25.165 [info] > git rev-parse --show-toplevel [199ms]
2026-01-31 04:54:25.165 [info] > git config --get --local branch.master.vscode-merge-base [204ms]
2026-01-31 04:54:25.165 [warning] [Git][config] git config failed: Failed to execute git
2026-01-31 04:54:25.165 [info] > git check-ignore -v -z --stdin [37ms]
2026-01-31 04:54:25.165 [info] > git rev-parse --show-toplevel [11ms]
2026-01-31 04:54:25.165 [info] > git for-each-ref --format=%(refname)%00%(upstream:short)%00%(objectname)%00%(upstream:track)%00%(upstream:remotename)%00%(upstream:remoteref) refs/heads/master refs/remotes/master [37ms]
2026-01-31 04:54:25.165 [info] > git reflog master --grep-reflog=branch: Created from *. [65ms]
2026-01-31 04:54:25.171 [info] > git status -z -uall [189ms]
2026-01-31 04:54:25.172 [info] > git symbolic-ref --short refs/remotes/origin/HEAD [173ms]
2026-01-31 04:54:25.172 [info] fatal: ref refs/remotes/origin/HEAD is not a symbolic ref
2026-01-31 04:54:25.172 [warning] [Repository][getDefaultBranch] Failed to get default branch details: Failed to execute git.
2026-01-31 04:54:25.173 [info] > git for-each-ref --sort -committerdate --format %(refname)%00%(objectname)%00%(*objectname) [183ms]
2026-01-31 04:54:25.186 [info] > git rev-parse --show-toplevel [16ms]
2026-01-31 04:54:25.206 [info] > git rev-parse --show-toplevel [2ms]
2026-01-31 04:54:25.220 [info] > git rev-parse --show-toplevel [3ms]
2026-01-31 04:54:25.226 [info] > git rev-parse --show-toplevel [2ms]
2026-01-31 04:54:25.232 [info] > git rev-parse --show-toplevel [2ms]
2026-01-31 04:54:25.238 [info] > git rev-parse --show-toplevel [1ms]
2026-01-31 04:54:25.244 [info] > git rev-parse --show-toplevel [1ms]
2026-01-31 04:54:25.250 [info] > git rev-parse --show-toplevel [1ms]
2026-01-31 04:54:25.256 [info] > git rev-parse --show-toplevel [2ms]
2026-01-31 04:54:25.262 [info] > git rev-parse --show-toplevel [2ms]
2026-01-31 04:54:25.268 [info] > git rev-parse --show-toplevel [1ms]
2026-01-31 04:54:25.274 [info] > git rev-parse --show-toplevel [2ms]
2026-01-31 04:54:25.282 [info] > git rev-parse --show-toplevel [2ms]
2026-01-31 04:54:25.288 [info] > git rev-parse --show-toplevel [2ms]
2026-01-31 04:54:25.289 [info] [Model][doInitialScan] Initial repository scan completed - repositories (1), closed repositories (0), parent repositories (0), unsafe repositories (0)
2026-01-31 04:54:43.648 [info] > git config --get commit.template [17ms]
2026-01-31 04:54:43.648 [info] > git for-each-ref --format=%(refname)%00%(upstream:short)%00%(objectname)%00%(upstream:track)%00%(upstream:remotename)%00%(upstream:remoteref) refs/heads/master refs/remotes/master [3ms]
2026-01-31 04:54:43.681 [info] > git for-each-ref --sort -committerdate --format %(refname)%00%(objectname)%00%(*objectname) [3ms]
2026-01-31 04:54:43.684 [info] > git status -z -uall [24ms]
2026-01-31 04:54:59.551 [info] > git config --get commit.template [5ms]
2026-01-31 04:54:59.572 [info] > git for-each-ref --format=%(refname)%00%(upstream:short)%00%(objectname)%00%(upstream:track)%00%(upstream:remotename)%00%(upstream:remoteref) refs/heads/master refs/remotes/master [2ms]
2026-01-31 04:54:59.608 [info] > git for-each-ref --sort -committerdate --format %(refname)%00%(objectname)%00%(*objectname) [4ms]
2026-01-31 04:54:59.616 [info] > git status -z -uall [31ms]
2026-01-31 04:56:10.483 [info] > git config --get commit.template [10ms]
2026-01-31 04:56:10.484 [info] > git for-each-ref --format=%(refname)%00%(upstream:short)%00%(objectname)%00%(upstream:track)%00%(upstream:remotename)%00%(upstream:remoteref) refs/heads/master refs/remotes/master [3ms]
2026-01-31 04:56:10.506 [info] > git for-each-ref --sort -committerdate --format %(refname)%00%(objectname)%00%(*objectname) [3ms]
2026-01-31 04:56:10.513 [info] > git status -z -uall [21ms]
2026-01-31 04:56:11.315 [info] > git check-ignore -v -z --stdin [2ms]
2026-01-31 04:56:11.624 [info] > git ls-files --stage -- config/settings.py [2ms]
2026-01-31 04:56:11.661 [info] > git cat-file -s 7990de3fa894fb4b32fae763362bbfb48a1c9125 [27ms]
2026-01-31 04:56:11.662 [info] > git show --textconv :config/settings.py [50ms]
2026-01-31 04:56:11.990 [info] > git blame --root --incremental 7654bcefd3e012ff94582b4307f8d8c619ddffb4 -- config/settings.py [141ms]
2026-01-31 04:56:15.536 [info] > git config --get commit.template [4ms]
2026-01-31 04:56:15.547 [info] > git for-each-ref --format=%(refname)%00%(upstream:short)%00%(objectname)%00%(upstream:track)%00%(upstream:remotename)%00%(upstream:remoteref) refs/heads/master refs/remotes/master [2ms]
2026-01-31 04:56:15.569 [info] > git for-each-ref --sort -committerdate --format %(refname)%00%(objectname)%00%(*objectname) [2ms]
2026-01-31 04:56:15.578 [info] > git status -z -uall [23ms]
2026-01-31 04:56:25.472 [info] > git config --get commit.template [10ms]
2026-01-31 04:56:25.473 [info] > git for-each-ref --format=%(refname)%00%(upstream:short)%00%(objectname)%00%(upstream:track)%00%(upstream:remotename)%00%(upstream:remoteref) refs/heads/master refs/remotes/master [2ms]
2026-01-31 04:56:25.495 [info] > git for-each-ref --sort -committerdate --format %(refname)%00%(objectname)%00%(*objectname) [2ms]
2026-01-31 04:56:25.509 [info] > git status -z -uall [28ms]
2026-01-31 04:56:30.541 [info] > git config --get commit.template [12ms]
2026-01-31 04:56:30.542 [info] > git for-each-ref --format=%(refname)%00%(upstream:short)%00%(objectname)%00%(upstream:track)%00%(upstream:remotename)%00%(upstream:remoteref) refs/heads/master refs/remotes/master [2ms]
2026-01-31 04:56:30.565 [info] > git for-each-ref --sort -committerdate --format %(refname)%00%(objectname)%00%(*objectname) [1ms]
2026-01-31 04:56:30.577 [info] > git status -z -uall [25ms]
2026-01-31 04:56:35.598 [info] > git config --get commit.template [1ms]
2026-01-31 04:56:35.610 [info] > git for-each-ref --format=%(refname)%00%(upstream:short)%00%(objectname)%00%(upstream:track)%00%(upstream:remotename)%00%(upstream:remoteref) refs/heads/master refs/remotes/master [2ms]
2026-01-31 04:56:35.633 [info] > git for-each-ref --sort -committerdate --format %(refname)%00%(objectname)%00%(*objectname) [3ms]
2026-01-31 04:56:35.642 [info] > git status -z -uall [24ms]
2026-01-31 04:56:49.593 [info] > git config --get commit.template [12ms]
2026-01-31 04:56:49.594 [info] > git for-each-ref --format=%(refname)%00%(upstream:short)%00%(objectname)%00%(upstream:track)%00%(upstream:remotename)%00%(upstream:remoteref) refs/heads/master refs/remotes/master [2ms]
2026-01-31 04:56:49.618 [info] > git for-each-ref --sort -committerdate --format %(refname)%00%(objectname)%00%(*objectname) [2ms]
2026-01-31 04:56:49.629 [info] > git status -z -uall [24ms]
2026-01-31 04:56:58.513 [info] > git config --get commit.template [20ms]
2026-01-31 04:56:58.515 [info] > git for-each-ref --format=%(refname)%00%(upstream:short)%00%(objectname)%00%(upstream:track)%00%(upstream:remotename)%00%(upstream:remoteref) refs/heads/master refs/remotes/master [3ms]
2026-01-31 04:56:58.537 [info] > git for-each-ref --sort -committerdate --format %(refname)%00%(objectname)%00%(*objectname) [3ms]
2026-01-31 04:56:58.544 [info] > git status -z -uall [21ms]
2026-01-31 04:59:37.828 [info] > git config --get commit.template [11ms]
2026-01-31 04:59:37.829 [info] > git for-each-ref --format=%(refname)%00%(upstream:short)%00%(objectname)%00%(upstream:track)%00%(upstream:remotename)%00%(upstream:remoteref) refs/heads/master refs/remotes/master [3ms]
2026-01-31 04:59:37.853 [info] > git for-each-ref --sort -committerdate --format %(refname)%00%(objectname)%00%(*objectname) [3ms]
2026-01-31 04:59:37.862 [info] > git status -z -uall [24ms]
2026-01-31 04:59:39.732 [info] > git check-ignore -v -z --stdin [2ms]
2026-01-31 04:59:41.004 [info] > git check-ignore -v -z --stdin [3ms]
2026-01-31 04:59:41.724 [info] > git check-ignore -v -z --stdin [3ms]
2026-01-31 04:59:42.899 [info] > git config --get commit.template [12ms]
2026-01-31 04:59:42.900 [info] > git for-each-ref --format=%(refname)%00%(upstream:short)%00%(objectname)%00%(upstream:track)%00%(upstream:remotename)%00%(upstream:remoteref) refs/heads/master refs/remotes/master [2ms]
2026-01-31 04:59:42.924 [info] > git for-each-ref --sort -committerdate --format %(refname)%00%(objectname)%00%(*objectname) [3ms]
2026-01-31 04:59:42.931 [info] > git status -z -uall [21ms]
2026-01-31 04:59:48.625 [info] > git config --get commit.template [7ms]
2026-01-31 04:59:48.649 [info] > git for-each-ref --format=%(refname)%00%(upstream:short)%00%(objectname)%00%(upstream:track)%00%(upstream:remotename)%00%(upstream:remoteref) refs/heads/master refs/remotes/master [0ms]
2026-01-31 04:59:48.697 [info] > git for-each-ref --sort -committerdate --format %(refname)%00%(objectname)%00%(*objectname) [5ms]
2026-01-31 04:59:48.701 [info] > git status -z -uall [37ms]
2026-01-31 04:59:57.613 [info] > git config --get commit.template [12ms]
2026-01-31 04:59:57.614 [info] > git for-each-ref --format=%(refname)%00%(upstream:short)%00%(objectname)%00%(upstream:track)%00%(upstream:remotename)%00%(upstream:remoteref) refs/heads/master refs/remotes/master [2ms]
2026-01-31 04:59:57.646 [info] > git for-each-ref --sort -committerdate --format %(refname)%00%(objectname)%00%(*objectname) [3ms]
2026-01-31 04:59:57.650 [info] > git status -z -uall [22ms]
2026-01-31 05:00:02.687 [info] > git config --get commit.template [12ms]
2026-01-31 05:00:02.688 [info] > git for-each-ref --format=%(refname)%00%(upstream:short)%00%(objectname)%00%(upstream:track)%00%(upstream:remotename)%00%(upstream:remoteref) refs/heads/master refs/remotes/master [2ms]
2026-01-31 05:00:02.712 [info] > git for-each-ref --sort -committerdate --format %(refname)%00%(objectname)%00%(*objectname) [2ms]
2026-01-31 05:00:02.718 [info] > git status -z -uall [21ms]
2026-01-31 05:00:07.749 [info] > git config --get commit.template [10ms]
2026-01-31 05:00:07.751 [info] > git for-each-ref --format=%(refname)%00%(upstream:short)%00%(objectname)%00%(upstream:track)%00%(upstream:remotename)%00%(upstream:remoteref) refs/heads/master refs/remotes/master [1ms]
2026-01-31 05:00:07.777 [info] > git for-each-ref --sort -committerdate --format %(refname)%00%(objectname)%00%(*objectname) [3ms]
2026-01-31 05:00:07.785 [info] > git status -z -uall [25ms]
2026-01-31 05:00:12.822 [info] > git for-each-ref --format=%(refname)%00%(upstream:short)%00%(objectname)%00%(upstream:track)%00%(upstream:remotename)%00%(upstream:remoteref) refs/heads/master refs/remotes/master [4ms]
2026-01-31 05:00:12.822 [info] > git config --get commit.template [12ms]
2026-01-31 05:00:12.846 [info] > git for-each-ref --sort -committerdate --format %(refname)%00%(objectname)%00%(*objectname) [3ms]
2026-01-31 05:00:12.851 [info] > git status -z -uall [20ms]
2026-01-31 05:00:35.639 [info] > git config --get commit.template [14ms]
2026-01-31 05:00:35.640 [info] > git for-each-ref --format=%(refname)%00%(upstream:short)%00%(objectname)%00%(upstream:track)%00%(upstream:remotename)%00%(upstream:remoteref) refs/heads/master refs/remotes/master [3ms]
2026-01-31 05:00:35.665 [info] > git for-each-ref --sort -committerdate --format %(refname)%00%(objectname)%00%(*objectname) [1ms]
2026-01-31 05:00:35.672 [info] > git status -z -uall [22ms]
2026-01-31 05:00:40.703 [info] > git config --get commit.template [9ms]
2026-01-31 05:00:40.704 [info] > git for-each-ref --format=%(refname)%00%(upstream:short)%00%(objectname)%00%(upstream:track)%00%(upstream:remotename)%00%(upstream:remoteref) refs/heads/master refs/remotes/master [2ms]
2026-01-31 05:00:40.727 [info] > git for-each-ref --sort -committerdate --format %(refname)%00%(objectname)%00%(*objectname) [3ms]
2026-01-31 05:00:40.733 [info] > git status -z -uall [21ms]
2026-01-31 05:00:47.641 [info] > git config --get commit.template [2ms]
2026-01-31 05:00:47.651 [info] > git for-each-ref --format=%(refname)%00%(upstream:short)%00%(objectname)%00%(upstream:track)%00%(upstream:remotename)%00%(upstream:remoteref) refs/heads/master refs/remotes/master [2ms]
2026-01-31 05:00:47.674 [info] > git for-each-ref --sort -committerdate --format %(refname)%00%(objectname)%00%(*objectname) [3ms]
2026-01-31 05:00:47.681 [info] > git status -z -uall [22ms]
2026-01-31 05:00:52.715 [info] > git config --get commit.template [12ms]
2026-01-31 05:00:52.717 [info] > git for-each-ref --format=%(refname)%00%(upstream:short)%00%(objectname)%00%(upstream:track)%00%(upstream:remotename)%00%(upstream:remoteref) refs/heads/master refs/remotes/master [3ms]
2026-01-31 05:00:52.739 [info] > git for-each-ref --sort -committerdate --format %(refname)%00%(objectname)%00%(*objectname) [3ms]
2026-01-31 05:00:52.746 [info] > git status -z -uall [22ms]
2026-01-31 05:00:57.769 [info] > git config --get commit.template [4ms]
2026-01-31 05:00:57.781 [info] > git for-each-ref --format=%(refname)%00%(upstream:short)%00%(objectname)%00%(upstream:track)%00%(upstream:remotename)%00%(upstream:remoteref) refs/heads/master refs/remotes/master [2ms]
2026-01-31 05:00:57.806 [info] > git for-each-ref --sort -committerdate --format %(refname)%00%(objectname)%00%(*objectname) [3ms]
2026-01-31 05:00:57.815 [info] > git status -z -uall [24ms]
2026-01-31 05:01:02.840 [info] > git config --get commit.template [4ms]
2026-01-31 05:01:02.851 [info] > git for-each-ref --format=%(refname)%00%(upstream:short)%00%(objectname)%00%(upstream:track)%00%(upstream:remotename)%00%(upstream:remoteref) refs/heads/master refs/remotes/master [2ms]
2026-01-31 05:01:02.875 [info] > git for-each-ref --sort -committerdate --format %(refname)%00%(objectname)%00%(*objectname) [3ms]
2026-01-31 05:01:02.881 [info] > git status -z -uall [22ms]
2026-01-31 05:01:08.660 [info] > git config --get commit.template [10ms]
2026-01-31 05:01:08.661 [info] > git for-each-ref --format=%(refname)%00%(upstream:short)%00%(objectname)%00%(upstream:track)%00%(upstream:remotename)%00%(upstream:remoteref) refs/heads/master refs/remotes/master [2ms]
2026-01-31 05:01:08.684 [info] > git for-each-ref --sort -committerdate --format %(refname)%00%(objectname)%00%(*objectname) [3ms]
2026-01-31 05:01:08.697 [info] > git status -z -uall [28ms]
2026-01-31 05:01:15.659 [info] > git config --get commit.template [11ms]
2026-01-31 05:01:15.660 [info] > git for-each-ref --format=%(refname)%00%(upstream:short)%00%(objectname)%00%(upstream:track)%00%(upstream:remotename)%00%(upstream:remoteref) refs/heads/master refs/remotes/master [2ms]
2026-01-31 05:01:15.687 [info] > git for-each-ref --sort -committerdate --format %(refname)%00%(objectname)%00%(*objectname) [3ms]
2026-01-31 05:01:15.692 [info] > git status -z -uall [20ms]
2026-01-31 05:01:20.734 [info] > git config --get commit.template [5ms]
2026-01-31 05:01:20.764 [info] > git for-each-ref --format=%(refname)%00%(upstream:short)%00%(objectname)%00%(upstream:track)%00%(upstream:remotename)%00%(upstream:remoteref) refs/heads/master refs/remotes/master [2ms]
2026-01-31 05:01:20.806 [info] > git for-each-ref --sort -committerdate --format %(refname)%00%(objectname)%00%(*objectname) [4ms]
2026-01-31 05:01:20.812 [info] > git status -z -uall [25ms]
2026-01-31 05:01:29.976 [info] > git config --get commit.template [11ms]
2026-01-31 05:01:29.977 [info] > git for-each-ref --format=%(refname)%00%(upstream:short)%00%(objectname)%00%(upstream:track)%00%(upstream:remotename)%00%(upstream:remoteref) refs/heads/master refs/remotes/master [2ms]
2026-01-31 05:01:29.999 [info] > git for-each-ref --sort -committerdate --format %(refname)%00%(objectname)%00%(*objectname) [3ms]
2026-01-31 05:01:30.009 [info] > git status -z -uall [24ms]
2026-01-31 05:01:37.665 [info] > git config --get commit.template [3ms]
2026-01-31 05:01:37.675 [info] > git for-each-ref --format=%(refname)%00%(upstream:short)%00%(objectname)%00%(upstream:track)%00%(upstream:remotename)%00%(upstream:remoteref) refs/heads/master refs/remotes/master [2ms]
2026-01-31 05:01:37.697 [info] > git for-each-ref --sort -committerdate --format %(refname)%00%(objectname)%00%(*objectname) [3ms]
2026-01-31 05:01:37.704 [info] > git status -z -uall [21ms]
2026-01-31 05:01:45.675 [info] > git config --get commit.template [12ms]
2026-01-31 05:01:45.676 [info] > git for-each-ref --format=%(refname)%00%(upstream:short)%00%(objectname)%00%(upstream:track)%00%(upstream:remotename)%00%(upstream:remoteref) refs/heads/master refs/remotes/master [2ms]
2026-01-31 05:01:45.704 [info] > git for-each-ref --sort -committerdate --format %(refname)%00%(objectname)%00%(*objectname) [1ms]
2026-01-31 05:01:45.709 [info] > git status -z -uall [23ms]
2026-01-31 05:01:50.747 [info] > git config --get commit.template [10ms]
2026-01-31 05:01:50.748 [info] > git for-each-ref --format=%(refname)%00%(upstream:short)%00%(objectname)%00%(upstream:track)%00%(upstream:remotename)%00%(upstream:remoteref) refs/heads/master refs/remotes/master [2ms]
2026-01-31 05:01:50.776 [info] > git for-each-ref --sort -committerdate --format %(refname)%00%(objectname)%00%(*objectname) [3ms]
2026-01-31 05:01:50.785 [info] > git status -z -uall [29ms]
2026-01-31 05:01:53.450 [info] > git show --textconv :clients/serializers.py [21ms]
2026-01-31 05:01:53.450 [info] > git check-ignore -v -z --stdin [2ms]
2026-01-31 05:01:53.450 [info] > git ls-files --stage -- clients/serializers.py [12ms]
2026-01-31 05:01:53.470 [info] > git hash-object -t tree /dev/null [10ms]
2026-01-31 05:01:53.471 [warning] [GitFileSystemProvider][stat] File not found - git:/home/sundersan0807/clients/serializers.py.git?%7B%22path%22%3A%22%2Fhome%2Fsundersan0807%2Fclients%2Fserializers.py%22%2C%22ref%22%3A%22%22%7D
2026-01-31 05:01:53.480 [info] > git hash-object -t tree /dev/null [11ms]
2026-01-31 05:01:53.481 [warning] [GitFileSystemProvider][readFile] File not found - git:/home/sundersan0807/clients/serializers.py.git?%7B%22path%22%3A%22%2Fhome%2Fsundersan0807%2Fclients%2Fserializers.py%22%2C%22ref%22%3A%22%22%7D
2026-01-31 05:02:25.596 [info] > git config --get commit.template [11ms]
2026-01-31 05:02:25.597 [info] > git for-each-ref --format=%(refname)%00%(upstream:short)%00%(objectname)%00%(upstream:track)%00%(upstream:remotename)%00%(upstream:remoteref) refs/heads/master refs/remotes/master [2ms]
2026-01-31 05:02:25.628 [info] > git for-each-ref --sort -committerdate --format %(refname)%00%(objectname)%00%(*objectname) [10ms]
2026-01-31 05:02:25.633 [info] > git status -z -uall [27ms]
2026-01-31 05:02:30.660 [info] > git config --get commit.template [3ms]
2026-01-31 05:02:30.672 [info] > git for-each-ref --format=%(refname)%00%(upstream:short)%00%(objectname)%00%(upstream:track)%00%(upstream:remotename)%00%(upstream:remoteref) refs/heads/master refs/remotes/master [2ms]
2026-01-31 05:02:30.694 [info] > git for-each-ref --sort -committerdate --format %(refname)%00%(objectname)%00%(*objectname) [3ms]
2026-01-31 05:02:30.705 [info] > git status -z -uall [25ms]
2026-01-31 05:02:44.071 [info] > git config --get commit.template [10ms]
2026-01-31 05:02:44.073 [info] > git for-each-ref --format=%(refname)%00%(upstream:short)%00%(objectname)%00%(upstream:track)%00%(upstream:remotename)%00%(upstream:remoteref) refs/heads/master refs/remotes/master [2ms]
2026-01-31 05:02:44.096 [info] > git for-each-ref --sort -committerdate --format %(refname)%00%(objectname)%00%(*objectname) [3ms]
2026-01-31 05:02:44.102 [info] > git status -z -uall [21ms]
2026-01-31 05:02:46.288 [info] > git ls-files --stage -- clients/views.py [2ms]
2026-01-31 05:02:46.320 [info] > git show --textconv :clients/views.py [42ms]
2026-01-31 05:02:46.320 [info] > git cat-file -s 91ea44a218fbd2f408430959283f0419c921093e [19ms]
2026-01-31 05:02:46.928 [info] > git blame --root --incremental 7654bcefd3e012ff94582b4307f8d8c619ddffb4 -- clients/views.py [135ms]
2026-01-31 05:02:49.135 [info] > git config --get commit.template [10ms]
2026-01-31 05:02:49.138 [info] > git for-each-ref --format=%(refname)%00%(upstream:short)%00%(objectname)%00%(upstream:track)%00%(upstream:remotename)%00%(upstream:remoteref) refs/heads/master refs/remotes/master [5ms]
2026-01-31 05:02:49.167 [info] > git for-each-ref --sort -committerdate --format %(refname)%00%(objectname)%00%(*objectname) [4ms]
2026-01-31 05:02:49.177 [info] > git status -z -uall [26ms]
2026-01-31 05:02:58.416 [info] > git config --get commit.template [11ms]
2026-01-31 05:02:58.417 [info] > git for-each-ref --format=%(refname)%00%(upstream:short)%00%(objectname)%00%(upstream:track)%00%(upstream:remotename)%00%(upstream:remoteref) refs/heads/master refs/remotes/master [2ms]
2026-01-31 05:02:58.441 [info] > git for-each-ref --sort -committerdate --format %(refname)%00%(objectname)%00%(*objectname) [2ms]
2026-01-31 05:02:58.458 [info] > git status -z -uall [30ms]
2026-01-31 05:03:03.491 [info] > git config --get commit.template [11ms]
2026-01-31 05:03:03.492 [info] > git for-each-ref --format=%(refname)%00%(upstream:short)%00%(objectname)%00%(upstream:track)%00%(upstream:remotename)%00%(upstream:remoteref) refs/heads/master refs/remotes/master [2ms]
2026-01-31 05:03:03.518 [info] > git for-each-ref --sort -committerdate --format %(refname)%00%(objectname)%00%(*objectname) [1ms]
2026-01-31 05:03:03.531 [info] > git status -z -uall [29ms]
2026-01-31 05:03:08.331 [info] > git check-ignore -v -z --stdin [2ms]
2026-01-31 05:03:08.624 [info] > git show --textconv :clients/url.py [12ms]
2026-01-31 05:03:08.625 [warning] [GitFileSystemProvider][readFile] File not found - git:/home/sundersan0807/clients/url.py.git?%7B%22path%22%3A%22%2Fhome%2Fsundersan0807%2Fclients%2Furl.py%22%2C%22ref%22%3A%22%22%7D
2026-01-31 05:03:08.629 [info] > git ls-files --stage -- clients/url.py [5ms]
2026-01-31 05:03:08.629 [warning] [GitFileSystemProvider][stat] File not found - git:/home/sundersan0807/clients/url.py.git?%7B%22path%22%3A%22%2Fhome%2Fsundersan0807%2Fclients%2Furl.py%22%2C%22ref%22%3A%22%22%7D
2026-01-31 05:03:10.326 [info] > git blame --root --incremental 7654bcefd3e012ff94582b4307f8d8c619ddffb4 -- clients/url.py [2ms]
2026-01-31 05:03:10.326 [info] fatal: no such path clients/url.py in 7654bcefd3e012ff94582b4307f8d8c619ddffb4
2026-01-31 05:03:13.718 [info] > git config --get commit.template [8ms]
2026-01-31 05:03:13.730 [info] > git for-each-ref --format=%(refname)%00%(upstream:short)%00%(objectname)%00%(upstream:track)%00%(upstream:remotename)%00%(upstream:remoteref) refs/heads/master refs/remotes/master [2ms]
2026-01-31 05:03:13.753 [info] > git for-each-ref --sort -committerdate --format %(refname)%00%(objectname)%00%(*objectname) [2ms]
2026-01-31 05:03:13.760 [info] > git status -z -uall [21ms]
2026-01-31 05:04:17.523 [info] > git config --get commit.template [14ms]
2026-01-31 05:04:17.524 [info] > git for-each-ref --format=%(refname)%00%(upstream:short)%00%(objectname)%00%(upstream:track)%00%(upstream:remotename)%00%(upstream:remoteref) refs/heads/master refs/remotes/master [2ms]
2026-01-31 05:04:17.547 [info] > git for-each-ref --sort -committerdate --format %(refname)%00%(objectname)%00%(*objectname) [2ms]
2026-01-31 05:04:17.555 [info] > git status -z -uall [22ms]
2026-01-31 05:04:22.589 [info] > git config --get commit.template [10ms]
2026-01-31 05:04:22.591 [info] > git for-each-ref --format=%(refname)%00%(upstream:short)%00%(objectname)%00%(upstream:track)%00%(upstream:remotename)%00%(upstream:remoteref) refs/heads/master refs/remotes/master [2ms]
2026-01-31 05:04:22.614 [info] > git for-each-ref --sort -committerdate --format %(refname)%00%(objectname)%00%(*objectname) [2ms]
2026-01-31 05:04:22.622 [info] > git status -z -uall [23ms]
2026-01-31 05:04:24.117 [info] > git ls-files --stage -- config/urls.py [2ms]
2026-01-31 05:04:24.128 [info] > git show --textconv :config/urls.py [28ms]
2026-01-31 05:04:24.128 [info] > git cat-file -s 1c022e3cfa5f4bbff61445e30bc17e8d2cafd37e [2ms]
2026-01-31 05:04:24.231 [info] > git blame --root --incremental 7654bcefd3e012ff94582b4307f8d8c619ddffb4 -- config/urls.py [33ms]
2026-01-31 05:04:53.237 [info] > git config --get commit.template [12ms]
2026-01-31 05:04:53.237 [info] > git for-each-ref --format=%(refname)%00%(upstream:short)%00%(objectname)%00%(upstream:track)%00%(upstream:remotename)%00%(upstream:remoteref) refs/heads/master refs/remotes/master [2ms]
2026-01-31 05:04:53.266 [info] > git for-each-ref --sort -committerdate --format %(refname)%00%(objectname)%00%(*objectname) [3ms]
2026-01-31 05:04:53.274 [info] > git status -z -uall [24ms]
2026-01-31 05:04:58.299 [info] > git config --get commit.template [3ms]
2026-01-31 05:04:58.310 [info] > git for-each-ref --format=%(refname)%00%(upstream:short)%00%(objectname)%00%(upstream:track)%00%(upstream:remotename)%00%(upstream:remoteref) refs/heads/master refs/remotes/master [2ms]
2026-01-31 05:04:58.331 [info] > git for-each-ref --sort -committerdate --format %(refname)%00%(objectname)%00%(*objectname) [1ms]
2026-01-31 05:04:58.343 [info] > git status -z -uall [24ms]
2026-01-31 05:05:09.797 [info] > git config --get commit.template [5ms]
2026-01-31 05:05:09.818 [info] > git for-each-ref --format=%(refname)%00%(upstream:short)%00%(objectname)%00%(upstream:track)%00%(upstream:remotename)%00%(upstream:remoteref) refs/heads/master refs/remotes/master [0ms]
2026-01-31 05:05:09.864 [info] > git for-each-ref --sort -committerdate --format %(refname)%00%(objectname)%00%(*objectname) [4ms]
2026-01-31 05:05:09.886 [info] > git status -z -uall [49ms]
2026-01-31 05:05:26.817 [info] > git for-each-ref --format=%(refname)%00%(upstream:short)%00%(objectname)%00%(upstream:track)%00%(upstream:remotename)%00%(upstream:remoteref) refs/heads/master refs/remotes/master [10ms]
2026-01-31 05:05:26.817 [info] > git config --get commit.template [37ms]
2026-01-31 05:05:26.862 [info] > git for-each-ref --sort -committerdate --format %(refname)%00%(objectname)%00%(*objectname) [3ms]
2026-01-31 05:05:26.869 [info] > git status -z -uall [25ms]
2026-01-31 05:05:34.785 [info] > git config --get commit.template [11ms]
2026-01-31 05:05:34.786 [info] > git for-each-ref --format=%(refname)%00%(upstream:short)%00%(objectname)%00%(upstream:track)%00%(upstream:remotename)%00%(upstream:remoteref) refs/heads/master refs/remotes/master [3ms]
2026-01-31 05:05:34.812 [info] > git for-each-ref --sort -committerdate --format %(refname)%00%(objectname)%00%(*objectname) [3ms]
2026-01-31 05:05:34.819 [info] > git status -z -uall [25ms]
2026-01-31 05:05:39.858 [info] > git config --get commit.template [3ms]
2026-01-31 05:05:39.882 [info] > git for-each-ref --format=%(refname)%00%(upstream:short)%00%(objectname)%00%(upstream:track)%00%(upstream:remotename)%00%(upstream:remoteref) refs/heads/master refs/remotes/master [4ms]
2026-01-31 05:05:39.907 [info] > git for-each-ref --sort -committerdate --format %(refname)%00%(objectname)%00%(*objectname) [2ms]
2026-01-31 05:05:39.917 [info] > git status -z -uall [24ms]
2026-01-31 05:06:08.458 [info] > git config --get commit.template [10ms]
2026-01-31 05:06:08.459 [info] > git for-each-ref --format=%(refname)%00%(upstream:short)%00%(objectname)%00%(upstream:track)%00%(upstream:remotename)%00%(upstream:remoteref) refs/heads/master refs/remotes/master [2ms]
2026-01-31 05:06:08.481 [info] > git for-each-ref --sort -committerdate --format %(refname)%00%(objectname)%00%(*objectname) [2ms]
2026-01-31 05:06:08.492 [info] > git status -z -uall [22ms]
2026-01-31 05:06:35.774 [info] > git config --get commit.template [4ms]
2026-01-31 05:06:35.790 [info] > git for-each-ref --format=%(refname)%00%(upstream:short)%00%(objectname)%00%(upstream:track)%00%(upstream:remotename)%00%(upstream:remoteref) refs/heads/master refs/remotes/master [3ms]
2026-01-31 05:06:35.820 [info] > git for-each-ref --sort -committerdate --format %(refname)%00%(objectname)%00%(*objectname) [5ms]
2026-01-31 05:06:35.828 [info] > git status -z -uall [27ms]
2026-01-31 05:06:40.861 [info] > git config --get commit.template [10ms]
2026-01-31 05:06:40.863 [info] > git for-each-ref --format=%(refname)%00%(upstream:short)%00%(objectname)%00%(upstream:track)%00%(upstream:remotename)%00%(upstream:remoteref) refs/heads/master refs/remotes/master [3ms]
2026-01-31 05:06:40.884 [info] > git for-each-ref --sort -committerdate --format %(refname)%00%(objectname)%00%(*objectname) [2ms]
2026-01-31 05:06:40.899 [info] > git status -z -uall [26ms]
2026-01-31 05:07:10.432 [info] > git config --get commit.template [10ms]
2026-01-31 05:07:10.433 [info] > git for-each-ref --format=%(refname)%00%(upstream:short)%00%(objectname)%00%(upstream:track)%00%(upstream:remotename)%00%(upstream:remoteref) refs/heads/master refs/remotes/master [3ms]
2026-01-31 05:07:10.455 [info] > git for-each-ref --sort -committerdate --format %(refname)%00%(objectname)%00%(*objectname) [2ms]
2026-01-31 05:07:10.462 [info] > git status -z -uall [20ms]
2026-01-31 05:07:15.496 [info] > git config --get commit.template [12ms]
2026-01-31 05:07:15.497 [info] > git for-each-ref --format=%(refname)%00%(upstream:short)%00%(objectname)%00%(upstream:track)%00%(upstream:remotename)%00%(upstream:remoteref) refs/heads/master refs/remotes/master [2ms]
2026-01-31 05:07:15.522 [info] > git for-each-ref --sort -committerdate --format %(refname)%00%(objectname)%00%(*objectname) [2ms]
2026-01-31 05:07:15.532 [info] > git status -z -uall [23ms]
2026-01-31 05:07:20.562 [info] > git config --get commit.template [10ms]
2026-01-31 05:07:20.564 [info] > git for-each-ref --format=%(refname)%00%(upstream:short)%00%(objectname)%00%(upstream:track)%00%(upstream:remotename)%00%(upstream:remoteref) refs/heads/master refs/remotes/master [3ms]
2026-01-31 05:07:20.587 [info] > git for-each-ref --sort -committerdate --format %(refname)%00%(objectname)%00%(*objectname) [2ms]
2026-01-31 05:07:20.593 [info] > git status -z -uall [21ms]
2026-01-31 05:07:25.973 [info] > git config --get commit.template [12ms]
2026-01-31 05:07:25.974 [info] > git for-each-ref --format=%(refname)%00%(upstream:short)%00%(objectname)%00%(upstream:track)%00%(upstream:remotename)%00%(upstream:remoteref) refs/heads/master refs/remotes/master [3ms]
2026-01-31 05:07:26.006 [info] > git for-each-ref --sort -committerdate --format %(refname)%00%(objectname)%00%(*objectname) [4ms]
2026-01-31 05:07:26.009 [info] > git status -z -uall [26ms]
2026-01-31 05:07:32.565 [info] > git check-ignore -v -z --stdin [2ms]
2026-01-31 05:07:34.983 [info] > git config --get commit.template [11ms]
2026-01-31 05:07:34.984 [info] > git for-each-ref --format=%(refname)%00%(upstream:short)%00%(objectname)%00%(upstream:track)%00%(upstream:remotename)%00%(upstream:remoteref) refs/heads/master refs/remotes/master [2ms]
2026-01-31 05:07:35.011 [info] > git for-each-ref --sort -committerdate --format %(refname)%00%(objectname)%00%(*objectname) [2ms]
2026-01-31 05:07:35.019 [info] > git status -z -uall [27ms]
2026-01-31 05:07:40.051 [info] > git config --get commit.template [3ms]
2026-01-31 05:07:40.063 [info] > git for-each-ref --format=%(refname)%00%(upstream:short)%00%(objectname)%00%(upstream:track)%00%(upstream:remotename)%00%(upstream:remoteref) refs/heads/master refs/remotes/master [2ms]
2026-01-31 05:07:40.086 [info] > git for-each-ref --sort -committerdate --format %(refname)%00%(objectname)%00%(*objectname) [3ms]
2026-01-31 05:07:40.097 [info] > git status -z -uall [24ms]
2026-01-31 05:07:45.134 [info] > git config --get commit.template [15ms]
2026-01-31 05:07:45.134 [info] > git for-each-ref --format=%(refname)%00%(upstream:short)%00%(objectname)%00%(upstream:track)%00%(upstream:remotename)%00%(upstream:remoteref) refs/heads/master refs/remotes/master [1ms]
2026-01-31 05:07:45.158 [info] > git for-each-ref --sort -committerdate --format %(refname)%00%(objectname)%00%(*objectname) [4ms]
2026-01-31 05:07:45.167 [info] > git status -z -uall [22ms]
2026-01-31 05:07:48.875 [info] > git show --textconv :clients/urls.py [13ms]
2026-01-31 05:07:48.876 [warning] [GitFileSystemProvider][readFile] File not found - git:/home/sundersan0807/clients/urls.py.git?%7B%22path%22%3A%22%2Fhome%2Fsundersan0807%2Fclients%2Furls.py%22%2C%22ref%22%3A%22%22%7D
2026-01-31 05:07:48.879 [info] > git ls-files --stage -- clients/urls.py [6ms]
2026-01-31 05:07:48.879 [warning] [GitFileSystemProvider][stat] File not found - git:/home/sundersan0807/clients/urls.py.git?%7B%22path%22%3A%22%2Fhome%2Fsundersan0807%2Fclients%2Furls.py%22%2C%22ref%22%3A%22%22%7D
2026-01-31 05:07:48.938 [info] > git check-ignore -v -z --stdin [3ms]
2026-01-31 05:07:48.952 [info] > git blame --root --incremental 7654bcefd3e012ff94582b4307f8d8c619ddffb4 -- clients/urls.py [2ms]
2026-01-31 05:07:48.952 [info] fatal: no such path clients/urls.py in 7654bcefd3e012ff94582b4307f8d8c619ddffb4
2026-01-31 05:07:50.204 [info] > git config --get commit.template [11ms]
2026-01-31 05:07:50.205 [info] > git for-each-ref --format=%(refname)%00%(upstream:short)%00%(objectname)%00%(upstream:track)%00%(upstream:remotename)%00%(upstream:remoteref) refs/heads/master refs/remotes/master [2ms]
2026-01-31 05:07:50.227 [info] > git for-each-ref --sort -committerdate --format %(refname)%00%(objectname)%00%(*objectname) [1ms]
2026-01-31 05:07:50.240 [info] > git status -z -uall [25ms]
