2026-01-29 10:01:25.368 [info] Starting Environment refresh
2026-01-29 10:01:25.368 [info] Searching for interpreters in posix paths locator
2026-01-29 10:01:25.380 [info] Searching for pyenv environments
2026-01-29 10:01:25.380 [info] Searching for conda environments
2026-01-29 10:01:25.381 [info] Searching for global virtual environments
2026-01-29 10:01:25.381 [info] Searching for custom virtual environments
2026-01-29 10:01:25.386 [info] Skipping ActivatedEnv Detection:  process.env.VSCODE_CLI !== '1'
2026-01-29 10:01:25.386 [info] Skipping ActivatedEnv Detection:  process.env.VSCODE_CLI !== '1'
2026-01-29 10:01:25.390 [info] pyenv is not installed
2026-01-29 10:01:25.390 [info] Finished searching for pyenv environments: 21 milliseconds
2026-01-29 10:01:25.394 [info] Finished searching for custom virtual envs: 21 milliseconds
2026-01-29 10:01:25.413 [info] > conda info --json
2026-01-29 10:01:25.420 [info] Finished searching for global virtual envs: 48 milliseconds
2026-01-29 10:01:25.433 [info] Found: /bin/python --> /bin/python3.12
2026-01-29 10:01:25.435 [info] Found: /bin/python3 --> /bin/python3.12
2026-01-29 10:01:25.435 [info] Found: /bin/python3.12 --> /bin/python3.12
2026-01-29 10:01:25.457 [info] Found: /usr/bin/python --> /usr/bin/python3.12
2026-01-29 10:01:25.458 [info] Found: /usr/bin/python3 --> /usr/bin/python3.12
2026-01-29 10:01:25.458 [info] Found: /usr/bin/python3.12 --> /usr/bin/python3.12
2026-01-29 10:01:25.512 [info] Finished searching for interpreters in posix paths locator: 141 milliseconds
2026-01-29 10:01:25.512 [info] > /bin/python -I /google/devshell/editor/code-oss-for-cloud-shell/extensions/ms-python.python/python_files/get_output_via_markers.py /google/devshell/editor/code-oss-for-cloud-shell/extensions/ms-python.python/python_files/interpreterInfo.py
2026-01-29 10:01:25.556 [info] > /usr/bin/python -I /google/devshell/editor/code-oss-for-cloud-shell/extensions/ms-python.python/python_files/get_output_via_markers.py /google/devshell/editor/code-oss-for-cloud-shell/extensions/ms-python.python/python_files/interpreterInfo.py
2026-01-29 10:01:25.556 [info] Environments refresh paths discovered (event): 203 milliseconds
2026-01-29 10:01:25.556 [info] Environments refresh paths discovered: 204 milliseconds
2026-01-29 10:01:25.656 [info] Environments refresh finished (event): 304 milliseconds
2026-01-29 10:01:25.668 [info] Environment refresh took 316 milliseconds
2026-01-29 10:01:25.701 [info] Python interpreter path: /bin/python
2026-01-29 10:01:30.167 [info] Starting Jedi language server for default.
