2026-01-31 06:29:09.247 [info] [main] Log level: Info
2026-01-31 06:29:09.247 [info] [main] Validating found git in: "git"
2026-01-31 06:29:09.247 [info] [main] Using git "2.43.0" from "git"
2026-01-31 06:29:09.247 [info] [Model][doInitialScan] Initial repository scan started
2026-01-31 06:29:09.247 [info] > git rev-parse --show-toplevel [2ms]
2026-01-31 06:29:09.247 [info] > git rev-parse --git-dir --git-common-dir --show-superproject-working-tree [7ms]
2026-01-31 06:29:09.247 [info] [Model][openRepository] Opened repository (path): /home/sundersan0807
2026-01-31 06:29:09.248 [info] [Model][openRepository] Opened repository (real path): /home/sundersan0807
2026-01-31 06:29:09.248 [info] [Model][openRepository] Opened repository (kind): repository
2026-01-31 06:29:09.248 [info] > git config --get commit.template [5ms]
2026-01-31 06:29:09.248 [info] > git rev-parse --show-toplevel [4ms]
2026-01-31 06:29:09.248 [info] > git rev-parse --show-toplevel [4ms]
2026-01-31 06:29:09.248 [info] > git for-each-ref --format=%(refname)%00%(upstream:short)%00%(objectname)%00%(upstream:track)%00%(upstream:remotename)%00%(upstream:remoteref) refs/heads/master refs/remotes/master [8ms]
2026-01-31 06:29:09.248 [info] > git for-each-ref --sort -committerdate --format %(refname)%00%(objectname)%00%(*objectname) [6ms]
2026-01-31 06:29:09.248 [info] > git rev-parse --show-toplevel [3ms]
2026-01-31 06:29:09.253 [info] > git rev-parse --show-toplevel [2ms]
2026-01-31 06:29:09.257 [info] > git status -z -uall [21ms]
2026-01-31 06:29:09.289 [info] > git for-each-ref --format=%(refname)%00%(upstream:short)%00%(objectname)%00%(upstream:track)%00%(upstream:remotename)%00%(upstream:remoteref) refs/heads/master refs/remotes/master [6ms]
2026-01-31 06:29:09.293 [info] > git rev-parse --show-toplevel [37ms]
2026-01-31 06:29:09.297 [info] > git config --get commit.template [7ms]
2026-01-31 06:29:09.298 [info] > git config --get --local branch.master.vscode-merge-base [4ms]
2026-01-31 06:29:09.298 [warning] [Git][config] git config failed: Failed to execute git
2026-01-31 06:29:09.335 [info] > git reflog master --grep-reflog=branch: Created from *. [33ms]
2026-01-31 06:29:09.338 [info] > git rev-parse --show-toplevel [42ms]
2026-01-31 06:29:09.342 [info] > git for-each-ref --format=%(refname)%00%(upstream:short)%00%(objectname)%00%(upstream:track)%00%(upstream:remotename)%00%(upstream:remoteref) refs/heads/master refs/remotes/master [15ms]
2026-01-31 06:29:09.350 [info] > git rev-parse --show-toplevel [9ms]
2026-01-31 06:29:09.350 [info] > git symbolic-ref --short refs/remotes/origin/HEAD [12ms]
2026-01-31 06:29:09.350 [info] fatal: ref refs/remotes/origin/HEAD is not a symbolic ref
2026-01-31 06:29:09.350 [warning] [Repository][getDefaultBranch] Failed to get default branch details: Failed to execute git.
2026-01-31 06:29:09.357 [info] > git for-each-ref --sort -committerdate --format %(refname)%00%(objectname)%00%(*objectname) [9ms]
2026-01-31 06:29:09.361 [info] > git rev-parse --show-toplevel [4ms]
2026-01-31 06:29:09.367 [info] > git status -z -uall [22ms]
2026-01-31 06:29:09.426 [info] > git rev-parse --show-toplevel [60ms]
2026-01-31 06:29:09.509 [info] > git rev-parse --show-toplevel [38ms]
2026-01-31 06:29:09.515 [info] > git rev-parse --show-toplevel [2ms]
2026-01-31 06:29:09.520 [info] > git rev-parse --show-toplevel [2ms]
2026-01-31 06:29:09.524 [info] > git rev-parse --show-toplevel [1ms]
2026-01-31 06:29:09.529 [info] > git rev-parse --show-toplevel [2ms]
2026-01-31 06:29:09.533 [info] > git rev-parse --show-toplevel [1ms]
2026-01-31 06:29:09.538 [info] > git rev-parse --show-toplevel [2ms]
2026-01-31 06:29:09.542 [info] > git rev-parse --show-toplevel [1ms]
2026-01-31 06:29:09.546 [info] > git rev-parse --show-toplevel [1ms]
2026-01-31 06:29:09.551 [info] > git rev-parse --show-toplevel [2ms]
2026-01-31 06:29:09.556 [info] > git rev-parse --show-toplevel [1ms]
2026-01-31 06:29:09.560 [info] > git rev-parse --show-toplevel [1ms]
2026-01-31 06:29:09.565 [info] > git rev-parse --show-toplevel [2ms]
2026-01-31 06:29:09.565 [info] [Model][doInitialScan] Initial repository scan completed - repositories (1), closed repositories (0), parent repositories (0), unsafe repositories (0)
2026-01-31 06:29:09.839 [info] > git check-ignore -v -z --stdin [3ms]
2026-01-31 06:29:09.972 [info] > git show --textconv :config/urls.py [5ms]
2026-01-31 06:29:09.974 [info] > git ls-files --stage -- config/urls.py [3ms]
2026-01-31 06:29:09.978 [info] > git cat-file -s 7c5638e516d78358bc042b7a341d42fd6e3a9d1e [1ms]
2026-01-31 06:29:10.134 [info] > git blame --root --incremental 9d6d4250f73545a314089f3f9c1ea1020edeab05 -- config/urls.py [4ms]
2026-01-31 06:29:10.440 [info] > git config --get commit.template [4ms]
2026-01-31 06:29:10.441 [info] > git for-each-ref --format=%(refname)%00%(upstream:short)%00%(objectname)%00%(upstream:track)%00%(upstream:remotename)%00%(upstream:remoteref) refs/heads/master refs/remotes/master [2ms]
2026-01-31 06:29:10.450 [info] > git for-each-ref --sort -committerdate --format %(refname)%00%(objectname)%00%(*objectname) [3ms]
2026-01-31 06:29:10.462 [info] > git status -z -uall [18ms]
2026-01-31 06:29:13.091 [info] > git check-ignore -v -z --stdin [17ms]
2026-01-31 06:29:17.092 [info] > git config --get commit.template [311ms]
2026-01-31 06:29:17.134 [info] > git for-each-ref --format=%(refname)%00%(upstream:short)%00%(objectname)%00%(upstream:track)%00%(upstream:remotename)%00%(upstream:remoteref) refs/heads/master refs/remotes/master [20ms]
2026-01-31 06:29:17.182 [info] > git status -z -uall [43ms]
2026-01-31 06:29:17.182 [info] > git for-each-ref --sort -committerdate --format %(refname)%00%(objectname)%00%(*objectname) [39ms]
2026-01-31 06:29:22.252 [info] > git config --get commit.template [9ms]
2026-01-31 06:29:22.273 [info] > git for-each-ref --format=%(refname)%00%(upstream:short)%00%(objectname)%00%(upstream:track)%00%(upstream:remotename)%00%(upstream:remoteref) refs/heads/master refs/remotes/master [4ms]
2026-01-31 06:29:22.308 [info] > git status -z -uall [19ms]
2026-01-31 06:29:22.311 [info] > git for-each-ref --sort -committerdate --format %(refname)%00%(objectname)%00%(*objectname) [5ms]
2026-01-31 06:29:27.368 [info] > git config --get commit.template [26ms]
2026-01-31 06:29:27.369 [info] > git for-each-ref --format=%(refname)%00%(upstream:short)%00%(objectname)%00%(upstream:track)%00%(upstream:remotename)%00%(upstream:remoteref) refs/heads/master refs/remotes/master [4ms]
2026-01-31 06:29:27.429 [info] > git status -z -uall [40ms]
2026-01-31 06:29:27.432 [info] > git for-each-ref --sort -committerdate --format %(refname)%00%(objectname)%00%(*objectname) [5ms]
2026-01-31 06:30:02.048 [info] > git config --get commit.template [24ms]
2026-01-31 06:30:02.049 [info] > git for-each-ref --format=%(refname)%00%(upstream:short)%00%(objectname)%00%(upstream:track)%00%(upstream:remotename)%00%(upstream:remoteref) refs/heads/master refs/remotes/master [3ms]
2026-01-31 06:30:02.087 [info] > git for-each-ref --sort -committerdate --format %(refname)%00%(objectname)%00%(*objectname) [3ms]
2026-01-31 06:30:02.088 [info] > git status -z -uall [25ms]
2026-01-31 06:30:08.627 [info] > git config --get commit.template [11ms]
2026-01-31 06:30:08.628 [info] > git for-each-ref --format=%(refname)%00%(upstream:short)%00%(objectname)%00%(upstream:track)%00%(upstream:remotename)%00%(upstream:remoteref) refs/heads/master refs/remotes/master [2ms]
2026-01-31 06:30:08.656 [info] > git for-each-ref --sort -committerdate --format %(refname)%00%(objectname)%00%(*objectname) [4ms]
2026-01-31 06:30:08.666 [info] > git status -z -uall [28ms]
2026-01-31 06:30:50.195 [info] > git config --get commit.template [12ms]
2026-01-31 06:30:50.196 [info] > git for-each-ref --format=%(refname)%00%(upstream:short)%00%(objectname)%00%(upstream:track)%00%(upstream:remotename)%00%(upstream:remoteref) refs/heads/master refs/remotes/master [2ms]
2026-01-31 06:30:50.223 [info] > git for-each-ref --sort -committerdate --format %(refname)%00%(objectname)%00%(*objectname) [4ms]
2026-01-31 06:30:50.227 [info] > git status -z -uall [21ms]
2026-01-31 06:30:55.263 [info] > git config --get commit.template [13ms]
2026-01-31 06:30:55.265 [info] > git for-each-ref --format=%(refname)%00%(upstream:short)%00%(objectname)%00%(upstream:track)%00%(upstream:remotename)%00%(upstream:remoteref) refs/heads/master refs/remotes/master [3ms]
2026-01-31 06:30:55.291 [info] > git for-each-ref --sort -committerdate --format %(refname)%00%(objectname)%00%(*objectname) [2ms]
2026-01-31 06:30:55.296 [info] > git status -z -uall [21ms]
2026-01-31 06:31:01.524 [info] > git config --get commit.template [2ms]
2026-01-31 06:31:01.538 [info] > git for-each-ref --format=%(refname)%00%(upstream:short)%00%(objectname)%00%(upstream:track)%00%(upstream:remotename)%00%(upstream:remoteref) refs/heads/master refs/remotes/master [2ms]
2026-01-31 06:31:01.573 [info] > git for-each-ref --sort -committerdate --format %(refname)%00%(objectname)%00%(*objectname) [1ms]
2026-01-31 06:31:01.578 [info] > git status -z -uall [28ms]
2026-01-31 06:31:28.280 [info] > git config --get commit.template [12ms]
2026-01-31 06:31:28.281 [info] > git for-each-ref --format=%(refname)%00%(upstream:short)%00%(objectname)%00%(upstream:track)%00%(upstream:remotename)%00%(upstream:remoteref) refs/heads/master refs/remotes/master [2ms]
2026-01-31 06:31:28.309 [info] > git for-each-ref --sort -committerdate --format %(refname)%00%(objectname)%00%(*objectname) [3ms]
2026-01-31 06:31:28.313 [info] > git status -z -uall [22ms]
2026-01-31 06:31:33.350 [info] > git config --get commit.template [16ms]
2026-01-31 06:31:33.351 [info] > git for-each-ref --format=%(refname)%00%(upstream:short)%00%(objectname)%00%(upstream:track)%00%(upstream:remotename)%00%(upstream:remoteref) refs/heads/master refs/remotes/master [2ms]
2026-01-31 06:31:33.379 [info] > git for-each-ref --sort -committerdate --format %(refname)%00%(objectname)%00%(*objectname) [4ms]
2026-01-31 06:31:33.385 [info] > git status -z -uall [23ms]
2026-01-31 06:31:38.405 [info] > git config --get commit.template [2ms]
2026-01-31 06:31:38.420 [info] > git for-each-ref --format=%(refname)%00%(upstream:short)%00%(objectname)%00%(upstream:track)%00%(upstream:remotename)%00%(upstream:remoteref) refs/heads/master refs/remotes/master [2ms]
2026-01-31 06:31:38.454 [info] > git for-each-ref --sort -committerdate --format %(refname)%00%(objectname)%00%(*objectname) [9ms]
2026-01-31 06:31:38.456 [info] > git status -z -uall [24ms]
2026-01-31 06:31:43.485 [info] > git config --get commit.template [3ms]
2026-01-31 06:31:43.504 [info] > git for-each-ref --format=%(refname)%00%(upstream:short)%00%(objectname)%00%(upstream:track)%00%(upstream:remotename)%00%(upstream:remoteref) refs/heads/master refs/remotes/master [3ms]
2026-01-31 06:31:43.554 [info] > git for-each-ref --sort -committerdate --format %(refname)%00%(objectname)%00%(*objectname) [6ms]
2026-01-31 06:31:43.563 [info] > git status -z -uall [42ms]
2026-01-31 06:32:33.283 [info] > git config --get commit.template [29ms]
2026-01-31 06:32:33.287 [info] > git for-each-ref --format=%(refname)%00%(upstream:short)%00%(objectname)%00%(upstream:track)%00%(upstream:remotename)%00%(upstream:remoteref) refs/heads/master refs/remotes/master [5ms]
2026-01-31 06:32:33.365 [info] > git for-each-ref --sort -committerdate --format %(refname)%00%(objectname)%00%(*objectname) [7ms]
2026-01-31 06:32:33.368 [info] > git status -z -uall [48ms]
2026-01-31 06:32:38.406 [info] > git config --get commit.template [13ms]
2026-01-31 06:32:38.409 [info] > git for-each-ref --format=%(refname)%00%(upstream:short)%00%(objectname)%00%(upstream:track)%00%(upstream:remotename)%00%(upstream:remoteref) refs/heads/master refs/remotes/master [4ms]
2026-01-31 06:32:38.439 [info] > git for-each-ref --sort -committerdate --format %(refname)%00%(objectname)%00%(*objectname) [3ms]
2026-01-31 06:32:38.446 [info] > git status -z -uall [22ms]
2026-01-31 06:32:43.472 [info] > git config --get commit.template [11ms]
2026-01-31 06:32:43.473 [info] > git for-each-ref --format=%(refname)%00%(upstream:short)%00%(objectname)%00%(upstream:track)%00%(upstream:remotename)%00%(upstream:remoteref) refs/heads/master refs/remotes/master [2ms]
2026-01-31 06:32:43.501 [info] > git for-each-ref --sort -committerdate --format %(refname)%00%(objectname)%00%(*objectname) [3ms]
2026-01-31 06:32:43.505 [info] > git status -z -uall [20ms]
2026-01-31 06:32:53.942 [info] > git config --get commit.template [24ms]
2026-01-31 06:32:53.947 [info] > git for-each-ref --format=%(refname)%00%(upstream:short)%00%(objectname)%00%(upstream:track)%00%(upstream:remotename)%00%(upstream:remoteref) refs/heads/master refs/remotes/master [6ms]
2026-01-31 06:32:54.012 [info] > git for-each-ref --sort -committerdate --format %(refname)%00%(objectname)%00%(*objectname) [2ms]
2026-01-31 06:32:54.025 [info] > git status -z -uall [51ms]
2026-01-31 06:32:59.063 [info] > git config --get commit.template [17ms]
2026-01-31 06:32:59.064 [info] > git for-each-ref --format=%(refname)%00%(upstream:short)%00%(objectname)%00%(upstream:track)%00%(upstream:remotename)%00%(upstream:remoteref) refs/heads/master refs/remotes/master [2ms]
2026-01-31 06:32:59.089 [info] > git for-each-ref --sort -committerdate --format %(refname)%00%(objectname)%00%(*objectname) [2ms]
2026-01-31 06:32:59.093 [info] > git status -z -uall [20ms]
2026-01-31 06:33:04.123 [info] > git config --get commit.template [13ms]
2026-01-31 06:33:04.124 [info] > git for-each-ref --format=%(refname)%00%(upstream:short)%00%(objectname)%00%(upstream:track)%00%(upstream:remotename)%00%(upstream:remoteref) refs/heads/master refs/remotes/master [2ms]
2026-01-31 06:33:04.151 [info] > git for-each-ref --sort -committerdate --format %(refname)%00%(objectname)%00%(*objectname) [2ms]
2026-01-31 06:33:04.159 [info] > git status -z -uall [23ms]
2026-01-31 06:34:08.554 [info] > git config --get commit.template [21ms]
2026-01-31 06:34:08.557 [info] > git for-each-ref --format=%(refname)%00%(upstream:short)%00%(objectname)%00%(upstream:track)%00%(upstream:remotename)%00%(upstream:remoteref) refs/heads/master refs/remotes/master [4ms]
2026-01-31 06:34:08.603 [info] > git for-each-ref --sort -committerdate --format %(refname)%00%(objectname)%00%(*objectname) [4ms]
2026-01-31 06:34:08.614 [info] > git status -z -uall [42ms]
2026-01-31 06:34:13.636 [info] > git config --get commit.template [2ms]
2026-01-31 06:34:13.652 [info] > git for-each-ref --format=%(refname)%00%(upstream:short)%00%(objectname)%00%(upstream:track)%00%(upstream:remotename)%00%(upstream:remoteref) refs/heads/master refs/remotes/master [2ms]
2026-01-31 06:34:13.680 [info] > git for-each-ref --sort -committerdate --format %(refname)%00%(objectname)%00%(*objectname) [3ms]
2026-01-31 06:34:13.687 [info] > git status -z -uall [23ms]
2026-01-31 06:34:35.257 [info] > git config --get commit.template [13ms]
2026-01-31 06:34:35.258 [info] > git for-each-ref --format=%(refname)%00%(upstream:short)%00%(objectname)%00%(upstream:track)%00%(upstream:remotename)%00%(upstream:remoteref) refs/heads/master refs/remotes/master [2ms]
2026-01-31 06:34:35.283 [info] > git for-each-ref --sort -committerdate --format %(refname)%00%(objectname)%00%(*objectname) [4ms]
2026-01-31 06:34:35.297 [info] > git status -z -uall [28ms]
2026-01-31 06:34:40.325 [info] > git config --get commit.template [10ms]
2026-01-31 06:34:40.326 [info] > git for-each-ref --format=%(refname)%00%(upstream:short)%00%(objectname)%00%(upstream:track)%00%(upstream:remotename)%00%(upstream:remoteref) refs/heads/master refs/remotes/master [2ms]
2026-01-31 06:34:40.355 [info] > git for-each-ref --sort -committerdate --format %(refname)%00%(objectname)%00%(*objectname) [3ms]
2026-01-31 06:34:40.363 [info] > git status -z -uall [25ms]
2026-01-31 06:34:45.390 [info] > git config --get commit.template [12ms]
2026-01-31 06:34:45.392 [info] > git for-each-ref --format=%(refname)%00%(upstream:short)%00%(objectname)%00%(upstream:track)%00%(upstream:remotename)%00%(upstream:remoteref) refs/heads/master refs/remotes/master [3ms]
2026-01-31 06:34:45.416 [info] > git for-each-ref --sort -committerdate --format %(refname)%00%(objectname)%00%(*objectname) [2ms]
2026-01-31 06:34:45.421 [info] > git status -z -uall [20ms]
2026-01-31 06:35:26.092 [info] > git config --get commit.template [11ms]
2026-01-31 06:35:26.093 [info] > git for-each-ref --format=%(refname)%00%(upstream:short)%00%(objectname)%00%(upstream:track)%00%(upstream:remotename)%00%(upstream:remoteref) refs/heads/master refs/remotes/master [2ms]
2026-01-31 06:35:26.120 [info] > git for-each-ref --sort -committerdate --format %(refname)%00%(objectname)%00%(*objectname) [3ms]
2026-01-31 06:35:26.125 [info] > git status -z -uall [22ms]
2026-01-31 06:35:31.143 [info] > git config --get commit.template [2ms]
2026-01-31 06:35:31.155 [info] > git for-each-ref --format=%(refname)%00%(upstream:short)%00%(objectname)%00%(upstream:track)%00%(upstream:remotename)%00%(upstream:remoteref) refs/heads/master refs/remotes/master [2ms]
2026-01-31 06:35:31.183 [info] > git for-each-ref --sort -committerdate --format %(refname)%00%(objectname)%00%(*objectname) [3ms]
2026-01-31 06:35:31.190 [info] > git status -z -uall [23ms]
2026-01-31 06:35:36.695 [info] > git config --get commit.template [19ms]
2026-01-31 06:35:36.696 [info] > git for-each-ref --format=%(refname)%00%(upstream:short)%00%(objectname)%00%(upstream:track)%00%(upstream:remotename)%00%(upstream:remoteref) refs/heads/master refs/remotes/master [2ms]
2026-01-31 06:35:36.724 [info] > git for-each-ref --sort -committerdate --format %(refname)%00%(objectname)%00%(*objectname) [3ms]
2026-01-31 06:35:36.731 [info] > git status -z -uall [24ms]
2026-01-31 06:35:45.648 [info] > git config --get commit.template [11ms]
2026-01-31 06:35:45.650 [info] > git for-each-ref --format=%(refname)%00%(upstream:short)%00%(objectname)%00%(upstream:track)%00%(upstream:remotename)%00%(upstream:remoteref) refs/heads/master refs/remotes/master [2ms]
2026-01-31 06:35:45.682 [info] > git for-each-ref --sort -committerdate --format %(refname)%00%(objectname)%00%(*objectname) [5ms]
2026-01-31 06:35:45.686 [info] > git status -z -uall [28ms]
2026-01-31 06:35:50.712 [info] > git config --get commit.template [10ms]
2026-01-31 06:35:50.713 [info] > git for-each-ref --format=%(refname)%00%(upstream:short)%00%(objectname)%00%(upstream:track)%00%(upstream:remotename)%00%(upstream:remoteref) refs/heads/master refs/remotes/master [2ms]
2026-01-31 06:35:50.739 [info] > git for-each-ref --sort -committerdate --format %(refname)%00%(objectname)%00%(*objectname) [2ms]
2026-01-31 06:35:50.747 [info] > git status -z -uall [23ms]
2026-01-31 06:36:51.978 [info] > git config --get commit.template [12ms]
2026-01-31 06:36:51.980 [info] > git for-each-ref --format=%(refname)%00%(upstream:short)%00%(objectname)%00%(upstream:track)%00%(upstream:remotename)%00%(upstream:remoteref) refs/heads/master refs/remotes/master [3ms]
2026-01-31 06:36:52.010 [info] > git for-each-ref --sort -committerdate --format %(refname)%00%(objectname)%00%(*objectname) [3ms]
2026-01-31 06:36:52.014 [info] > git status -z -uall [21ms]
2026-01-31 06:36:55.878 [info] > git log --format=%H%n%aN%n%aE%n%at%n%ct%n%P%n%D%n%B -z --shortstat --diff-merges=first-parent -n50 --skip=0 --topo-order --decorate=full --stdin [409ms]
2026-01-31 06:36:57.034 [info] > git config --get commit.template [2ms]
2026-01-31 06:36:57.046 [info] > git for-each-ref --format=%(refname)%00%(upstream:short)%00%(objectname)%00%(upstream:track)%00%(upstream:remotename)%00%(upstream:remoteref) refs/heads/master refs/remotes/master [3ms]
2026-01-31 06:36:57.072 [info] > git for-each-ref --sort -committerdate --format %(refname)%00%(objectname)%00%(*objectname) [3ms]
2026-01-31 06:36:57.075 [info] > git status -z -uall [20ms]
2026-01-31 06:37:02.100 [info] > git config --get commit.template [11ms]
2026-01-31 06:37:02.102 [info] > git for-each-ref --format=%(refname)%00%(upstream:short)%00%(objectname)%00%(upstream:track)%00%(upstream:remotename)%00%(upstream:remoteref) refs/heads/master refs/remotes/master [3ms]
2026-01-31 06:37:02.128 [info] > git for-each-ref --sort -committerdate --format %(refname)%00%(objectname)%00%(*objectname) [2ms]
2026-01-31 06:37:02.133 [info] > git status -z -uall [22ms]
2026-01-31 06:37:07.161 [info] > git config --get commit.template [13ms]
2026-01-31 06:37:07.161 [info] > git for-each-ref --format=%(refname)%00%(upstream:short)%00%(objectname)%00%(upstream:track)%00%(upstream:remotename)%00%(upstream:remoteref) refs/heads/master refs/remotes/master [3ms]
2026-01-31 06:37:07.195 [info] > git for-each-ref --sort -committerdate --format %(refname)%00%(objectname)%00%(*objectname) [2ms]
2026-01-31 06:37:07.198 [info] > git status -z -uall [21ms]
2026-01-31 06:37:12.228 [info] > git config --get commit.template [10ms]
2026-01-31 06:37:12.229 [info] > git for-each-ref --format=%(refname)%00%(upstream:short)%00%(objectname)%00%(upstream:track)%00%(upstream:remotename)%00%(upstream:remoteref) refs/heads/master refs/remotes/master [2ms]
2026-01-31 06:37:12.256 [info] > git for-each-ref --sort -committerdate --format %(refname)%00%(objectname)%00%(*objectname) [3ms]
2026-01-31 06:37:12.259 [info] > git status -z -uall [21ms]
2026-01-31 06:37:17.292 [info] > git config --get commit.template [13ms]
2026-01-31 06:37:17.293 [info] > git for-each-ref --format=%(refname)%00%(upstream:short)%00%(objectname)%00%(upstream:track)%00%(upstream:remotename)%00%(upstream:remoteref) refs/heads/master refs/remotes/master [1ms]
2026-01-31 06:37:17.323 [info] > git for-each-ref --sort -committerdate --format %(refname)%00%(objectname)%00%(*objectname) [3ms]
2026-01-31 06:37:17.327 [info] > git status -z -uall [22ms]
2026-01-31 06:37:52.102 [info] > git config --get commit.template [11ms]
2026-01-31 06:37:52.103 [info] > git for-each-ref --format=%(refname)%00%(upstream:short)%00%(objectname)%00%(upstream:track)%00%(upstream:remotename)%00%(upstream:remoteref) refs/heads/master refs/remotes/master [2ms]
2026-01-31 06:37:52.135 [info] > git for-each-ref --sort -committerdate --format %(refname)%00%(objectname)%00%(*objectname) [2ms]
2026-01-31 06:37:52.142 [info] > git status -z -uall [30ms]
2026-01-31 06:37:53.567 [info] > git show --textconv :config/settings.py [29ms]
2026-01-31 06:37:53.567 [info] > git ls-files --stage -- config/settings.py [3ms]
2026-01-31 06:37:53.580 [info] > git cat-file -s eb8c1dd56c113903a5d9457c0527845bd127477a [3ms]
2026-01-31 06:37:53.695 [info] > git blame --root --incremental 9d6d4250f73545a314089f3f9c1ea1020edeab05 -- config/settings.py [4ms]
2026-01-31 06:37:57.171 [info] > git config --get commit.template [13ms]
2026-01-31 06:37:57.173 [info] > git for-each-ref --format=%(refname)%00%(upstream:short)%00%(objectname)%00%(upstream:track)%00%(upstream:remotename)%00%(upstream:remoteref) refs/heads/master refs/remotes/master [2ms]
2026-01-31 06:37:57.206 [info] > git for-each-ref --sort -committerdate --format %(refname)%00%(objectname)%00%(*objectname) [3ms]
2026-01-31 06:37:57.215 [info] > git status -z -uall [24ms]
2026-01-31 06:38:04.512 [info] > git config --get commit.template [14ms]
2026-01-31 06:38:04.514 [info] > git for-each-ref --format=%(refname)%00%(upstream:short)%00%(objectname)%00%(upstream:track)%00%(upstream:remotename)%00%(upstream:remoteref) refs/heads/master refs/remotes/master [3ms]
2026-01-31 06:38:04.540 [info] > git for-each-ref --sort -committerdate --format %(refname)%00%(objectname)%00%(*objectname) [3ms]
2026-01-31 06:38:04.544 [info] > git status -z -uall [21ms]
2026-01-31 06:38:09.570 [info] > git config --get commit.template [13ms]
2026-01-31 06:38:09.571 [info] > git for-each-ref --format=%(refname)%00%(upstream:short)%00%(objectname)%00%(upstream:track)%00%(upstream:remotename)%00%(upstream:remoteref) refs/heads/master refs/remotes/master [2ms]
2026-01-31 06:38:09.600 [info] > git for-each-ref --sort -committerdate --format %(refname)%00%(objectname)%00%(*objectname) [3ms]
2026-01-31 06:38:09.608 [info] > git status -z -uall [24ms]
2026-01-31 06:38:11.730 [info] > git check-ignore -v -z --stdin [4ms]
2026-01-31 06:38:12.241 [info] > git check-ignore -v -z --stdin [3ms]
2026-01-31 06:38:12.963 [info] > git check-ignore -v -z --stdin [2ms]
2026-01-31 06:38:14.652 [info] > git config --get commit.template [10ms]
2026-01-31 06:38:14.654 [info] > git for-each-ref --format=%(refname)%00%(upstream:short)%00%(objectname)%00%(upstream:track)%00%(upstream:remotename)%00%(upstream:remoteref) refs/heads/master refs/remotes/master [3ms]
2026-01-31 06:38:14.679 [info] > git for-each-ref --sort -committerdate --format %(refname)%00%(objectname)%00%(*objectname) [3ms]
2026-01-31 06:38:14.684 [info] > git status -z -uall [21ms]
2026-01-31 06:38:16.029 [info] > git ls-files --stage -- core/views.py [2ms]
2026-01-31 06:38:16.042 [info] > git show --textconv :core/views.py [26ms]
2026-01-31 06:38:16.043 [info] > git cat-file -s 702539f6a5766236527b85069f9aaaa323f3d910 [2ms]
2026-01-31 06:38:16.118 [info] > git blame --root --incremental 9d6d4250f73545a314089f3f9c1ea1020edeab05 -- core/views.py [3ms]
2026-01-31 06:38:19.713 [info] > git config --get commit.template [16ms]
2026-01-31 06:38:19.715 [info] > git for-each-ref --format=%(refname)%00%(upstream:short)%00%(objectname)%00%(upstream:track)%00%(upstream:remotename)%00%(upstream:remoteref) refs/heads/master refs/remotes/master [3ms]
2026-01-31 06:38:19.740 [info] > git for-each-ref --sort -committerdate --format %(refname)%00%(objectname)%00%(*objectname) [3ms]
2026-01-31 06:38:19.745 [info] > git status -z -uall [21ms]
2026-01-31 06:38:24.770 [info] > git config --get commit.template [12ms]
2026-01-31 06:38:24.772 [info] > git for-each-ref --format=%(refname)%00%(upstream:short)%00%(objectname)%00%(upstream:track)%00%(upstream:remotename)%00%(upstream:remoteref) refs/heads/master refs/remotes/master [3ms]
2026-01-31 06:38:24.799 [info] > git for-each-ref --sort -committerdate --format %(refname)%00%(objectname)%00%(*objectname) [1ms]
2026-01-31 06:38:24.806 [info] > git status -z -uall [23ms]
2026-01-31 06:38:29.832 [info] > git config --get commit.template [12ms]
2026-01-31 06:38:29.833 [info] > git for-each-ref --format=%(refname)%00%(upstream:short)%00%(objectname)%00%(upstream:track)%00%(upstream:remotename)%00%(upstream:remoteref) refs/heads/master refs/remotes/master [2ms]
2026-01-31 06:38:29.859 [info] > git for-each-ref --sort -committerdate --format %(refname)%00%(objectname)%00%(*objectname) [3ms]
2026-01-31 06:38:29.863 [info] > git status -z -uall [20ms]
2026-01-31 06:38:57.144 [info] > git config --get commit.template [13ms]
2026-01-31 06:38:57.144 [info] > git for-each-ref --format=%(refname)%00%(upstream:short)%00%(objectname)%00%(upstream:track)%00%(upstream:remotename)%00%(upstream:remoteref) refs/heads/master refs/remotes/master [2ms]
2026-01-31 06:38:57.172 [info] > git for-each-ref --sort -committerdate --format %(refname)%00%(objectname)%00%(*objectname) [3ms]
2026-01-31 06:38:57.180 [info] > git status -z -uall [26ms]
2026-01-31 06:38:59.513 [info] > git check-ignore -v -z --stdin [3ms]
2026-01-31 06:39:00.481 [info] > git check-ignore -v -z --stdin [2ms]
2026-01-31 06:39:02.197 [info] > git config --get commit.template [2ms]
2026-01-31 06:39:02.209 [info] > git for-each-ref --format=%(refname)%00%(upstream:short)%00%(objectname)%00%(upstream:track)%00%(upstream:remotename)%00%(upstream:remoteref) refs/heads/master refs/remotes/master [2ms]
2026-01-31 06:39:02.236 [info] > git for-each-ref --sort -committerdate --format %(refname)%00%(objectname)%00%(*objectname) [3ms]
2026-01-31 06:39:02.239 [info] > git status -z -uall [21ms]
2026-01-31 06:39:05.673 [info] > git show --textconv :config/settings.py [15ms]
2026-01-31 06:39:05.676 [info] > git ls-files --stage -- config/settings.py [4ms]
2026-01-31 06:39:05.689 [info] > git cat-file -s eb8c1dd56c113903a5d9457c0527845bd127477a [2ms]
2026-01-31 06:39:07.922 [info] > git show --textconv :config/urls.py [11ms]
2026-01-31 06:39:07.924 [info] > git ls-files --stage -- config/urls.py [3ms]
2026-01-31 06:39:07.937 [info] > git cat-file -s 7c5638e516d78358bc042b7a341d42fd6e3a9d1e [2ms]
2026-01-31 06:39:13.808 [info] > git config --get commit.template [14ms]
2026-01-31 06:39:13.822 [info] > git for-each-ref --format=%(refname)%00%(upstream:short)%00%(objectname)%00%(upstream:track)%00%(upstream:remotename)%00%(upstream:remoteref) refs/heads/master refs/remotes/master [2ms]
2026-01-31 06:39:13.851 [info] > git for-each-ref --sort -committerdate --format %(refname)%00%(objectname)%00%(*objectname) [4ms]
2026-01-31 06:39:13.855 [info] > git status -z -uall [21ms]
2026-01-31 06:39:18.883 [info] > git config --get commit.template [11ms]
2026-01-31 06:39:18.884 [info] > git for-each-ref --format=%(refname)%00%(upstream:short)%00%(objectname)%00%(upstream:track)%00%(upstream:remotename)%00%(upstream:remoteref) refs/heads/master refs/remotes/master [2ms]
2026-01-31 06:39:18.912 [info] > git for-each-ref --sort -committerdate --format %(refname)%00%(objectname)%00%(*objectname) [1ms]
2026-01-31 06:39:18.916 [info] > git status -z -uall [22ms]
2026-01-31 06:39:23.946 [info] > git config --get commit.template [12ms]
2026-01-31 06:39:23.947 [info] > git for-each-ref --format=%(refname)%00%(upstream:short)%00%(objectname)%00%(upstream:track)%00%(upstream:remotename)%00%(upstream:remoteref) refs/heads/master refs/remotes/master [2ms]
2026-01-31 06:39:23.972 [info] > git for-each-ref --sort -committerdate --format %(refname)%00%(objectname)%00%(*objectname) [3ms]
2026-01-31 06:39:23.980 [info] > git status -z -uall [22ms]
2026-01-31 06:39:29.797 [info] > git config --get commit.template [11ms]
2026-01-31 06:39:29.799 [info] > git for-each-ref --format=%(refname)%00%(upstream:short)%00%(objectname)%00%(upstream:track)%00%(upstream:remotename)%00%(upstream:remoteref) refs/heads/master refs/remotes/master [2ms]
2026-01-31 06:39:29.823 [info] > git for-each-ref --sort -committerdate --format %(refname)%00%(objectname)%00%(*objectname) [3ms]
2026-01-31 06:39:29.828 [info] > git status -z -uall [20ms]
2026-01-31 06:39:42.807 [info] > git config --get commit.template [14ms]
2026-01-31 06:39:42.808 [info] > git for-each-ref --format=%(refname)%00%(upstream:short)%00%(objectname)%00%(upstream:track)%00%(upstream:remotename)%00%(upstream:remoteref) refs/heads/master refs/remotes/master [2ms]
2026-01-31 06:39:42.834 [info] > git for-each-ref --sort -committerdate --format %(refname)%00%(objectname)%00%(*objectname) [1ms]
2026-01-31 06:39:42.842 [info] > git status -z -uall [23ms]
2026-01-31 06:39:47.878 [info] > git for-each-ref --format=%(refname)%00%(upstream:short)%00%(objectname)%00%(upstream:track)%00%(upstream:remotename)%00%(upstream:remoteref) refs/heads/master refs/remotes/master [3ms]
2026-01-31 06:39:47.878 [info] > git config --get commit.template [15ms]
2026-01-31 06:39:47.904 [info] > git for-each-ref --sort -committerdate --format %(refname)%00%(objectname)%00%(*objectname) [3ms]
2026-01-31 06:39:47.910 [info] > git status -z -uall [20ms]
2026-01-31 06:40:29.104 [info] > git config --get commit.template [12ms]
2026-01-31 06:40:29.105 [info] > git for-each-ref --format=%(refname)%00%(upstream:short)%00%(objectname)%00%(upstream:track)%00%(upstream:remotename)%00%(upstream:remoteref) refs/heads/master refs/remotes/master [2ms]
2026-01-31 06:40:29.131 [info] > git for-each-ref --sort -committerdate --format %(refname)%00%(objectname)%00%(*objectname) [3ms]
2026-01-31 06:40:29.136 [info] > git status -z -uall [20ms]
2026-01-31 06:40:34.163 [info] > git config --get commit.template [13ms]
2026-01-31 06:40:34.163 [info] > git for-each-ref --format=%(refname)%00%(upstream:short)%00%(objectname)%00%(upstream:track)%00%(upstream:remotename)%00%(upstream:remoteref) refs/heads/master refs/remotes/master [3ms]
2026-01-31 06:40:34.189 [info] > git for-each-ref --sort -committerdate --format %(refname)%00%(objectname)%00%(*objectname) [3ms]
2026-01-31 06:40:34.194 [info] > git status -z -uall [21ms]
2026-01-31 06:40:40.884 [info] > git for-each-ref --format=%(refname)%00%(upstream:short)%00%(objectname)%00%(upstream:track)%00%(upstream:remotename)%00%(upstream:remoteref) refs/heads/master refs/remotes/master [4ms]
2026-01-31 06:40:40.885 [info] > git config --get commit.template [35ms]
2026-01-31 06:40:40.949 [info] > git for-each-ref --sort -committerdate --format %(refname)%00%(objectname)%00%(*objectname) [7ms]
2026-01-31 06:40:40.971 [info] > git status -z -uall [62ms]
2026-01-31 06:40:46.188 [info] > git config --get commit.template [12ms]
2026-01-31 06:40:46.189 [info] > git for-each-ref --format=%(refname)%00%(upstream:short)%00%(objectname)%00%(upstream:track)%00%(upstream:remotename)%00%(upstream:remoteref) refs/heads/master refs/remotes/master [2ms]
2026-01-31 06:40:46.214 [info] > git for-each-ref --sort -committerdate --format %(refname)%00%(objectname)%00%(*objectname) [2ms]
2026-01-31 06:40:46.219 [info] > git status -z -uall [20ms]
2026-01-31 06:40:55.520 [info] > git config --get commit.template [1ms]
2026-01-31 06:40:55.548 [info] > git for-each-ref --format=%(refname)%00%(upstream:short)%00%(objectname)%00%(upstream:track)%00%(upstream:remotename)%00%(upstream:remoteref) refs/heads/master refs/remotes/master [3ms]
2026-01-31 06:40:55.579 [info] > git for-each-ref --sort -committerdate --format %(refname)%00%(objectname)%00%(*objectname) [3ms]
2026-01-31 06:40:55.588 [info] > git status -z -uall [24ms]
2026-01-31 06:41:00.621 [info] > git config --get commit.template [13ms]
2026-01-31 06:41:00.622 [info] > git for-each-ref --format=%(refname)%00%(upstream:short)%00%(objectname)%00%(upstream:track)%00%(upstream:remotename)%00%(upstream:remoteref) refs/heads/master refs/remotes/master [2ms]
2026-01-31 06:41:00.650 [info] > git for-each-ref --sort -committerdate --format %(refname)%00%(objectname)%00%(*objectname) [2ms]
2026-01-31 06:41:00.656 [info] > git status -z -uall [22ms]
2026-01-31 06:41:05.721 [info] > git config --get commit.template [24ms]
2026-01-31 06:41:05.723 [info] > git for-each-ref --format=%(refname)%00%(upstream:short)%00%(objectname)%00%(upstream:track)%00%(upstream:remotename)%00%(upstream:remoteref) refs/heads/master refs/remotes/master [3ms]
2026-01-31 06:41:05.782 [info] > git for-each-ref --sort -committerdate --format %(refname)%00%(objectname)%00%(*objectname) [5ms]
2026-01-31 06:41:05.799 [info] > git status -z -uall [51ms]
2026-01-31 06:41:30.690 [info] > git config --get commit.template [37ms]
2026-01-31 06:41:30.692 [info] > git for-each-ref --format=%(refname)%00%(upstream:short)%00%(objectname)%00%(upstream:track)%00%(upstream:remotename)%00%(upstream:remoteref) refs/heads/master refs/remotes/master [6ms]
2026-01-31 06:41:30.746 [info] > git status -z -uall [38ms]
2026-01-31 06:41:30.752 [info] > git for-each-ref --sort -committerdate --format %(refname)%00%(objectname)%00%(*objectname) [7ms]
2026-01-31 06:41:35.790 [info] > git config --get commit.template [13ms]
2026-01-31 06:41:35.791 [info] > git for-each-ref --format=%(refname)%00%(upstream:short)%00%(objectname)%00%(upstream:track)%00%(upstream:remotename)%00%(upstream:remoteref) refs/heads/master refs/remotes/master [3ms]
2026-01-31 06:41:35.820 [info] > git for-each-ref --sort -committerdate --format %(refname)%00%(objectname)%00%(*objectname) [3ms]
2026-01-31 06:41:35.823 [info] > git status -z -uall [22ms]
2026-01-31 06:42:25.914 [info] > git config --get commit.template [2ms]
2026-01-31 06:42:25.928 [info] > git for-each-ref --format=%(refname)%00%(upstream:short)%00%(objectname)%00%(upstream:track)%00%(upstream:remotename)%00%(upstream:remoteref) refs/heads/master refs/remotes/master [2ms]
2026-01-31 06:42:25.960 [info] > git for-each-ref --sort -committerdate --format %(refname)%00%(objectname)%00%(*objectname) [4ms]
2026-01-31 06:42:25.965 [info] > git status -z -uall [27ms]
2026-01-31 06:42:30.991 [info] > git config --get commit.template [11ms]
2026-01-31 06:42:30.992 [info] > git for-each-ref --format=%(refname)%00%(upstream:short)%00%(objectname)%00%(upstream:track)%00%(upstream:remotename)%00%(upstream:remoteref) refs/heads/master refs/remotes/master [2ms]
2026-01-31 06:42:31.020 [info] > git for-each-ref --sort -committerdate --format %(refname)%00%(objectname)%00%(*objectname) [3ms]
2026-01-31 06:42:31.028 [info] > git status -z -uall [24ms]
2026-01-31 06:42:33.553 [info] > git check-ignore -v -z --stdin [3ms]
2026-01-31 06:42:36.053 [info] > git config --get commit.template [10ms]
2026-01-31 06:42:36.055 [info] > git for-each-ref --format=%(refname)%00%(upstream:short)%00%(objectname)%00%(upstream:track)%00%(upstream:remotename)%00%(upstream:remoteref) refs/heads/master refs/remotes/master [2ms]
2026-01-31 06:42:36.085 [info] > git for-each-ref --sort -committerdate --format %(refname)%00%(objectname)%00%(*objectname) [3ms]
2026-01-31 06:42:36.090 [info] > git status -z -uall [19ms]
2026-01-31 06:42:41.120 [info] > git config --get commit.template [12ms]
2026-01-31 06:42:41.121 [info] > git for-each-ref --format=%(refname)%00%(upstream:short)%00%(objectname)%00%(upstream:track)%00%(upstream:remotename)%00%(upstream:remoteref) refs/heads/master refs/remotes/master [1ms]
2026-01-31 06:42:41.150 [info] > git for-each-ref --sort -committerdate --format %(refname)%00%(objectname)%00%(*objectname) [3ms]
2026-01-31 06:42:41.160 [info] > git status -z -uall [24ms]
2026-01-31 06:42:43.980 [info] > git show --textconv :frontend/templates/frontend/calender.html [16ms]
2026-01-31 06:42:44.013 [info] > git hash-object -t tree /dev/null [18ms]
2026-01-31 06:42:44.013 [warning] [GitFileSystemProvider][readFile] File not found - git:/home/sundersan0807/frontend/templates/frontend/calender.html.git?%7B%22path%22%3A%22%2Fhome%2Fsundersan0807%2Ffrontend%2Ftemplates%2Ffrontend%2Fcalender.html%22%2C%22ref%22%3A%22%22%7D
2026-01-31 06:42:44.024 [info] > git ls-files --stage -- frontend/templates/frontend/calender.html [43ms]
2026-01-31 06:42:44.025 [warning] [GitFileSystemProvider][stat] File not found - git:/home/sundersan0807/frontend/templates/frontend/calender.html.git?%7B%22path%22%3A%22%2Fhome%2Fsundersan0807%2Ffrontend%2Ftemplates%2Ffrontend%2Fcalender.html%22%2C%22ref%22%3A%22%22%7D
2026-01-31 06:42:44.029 [info] > git check-ignore -v -z --stdin [18ms]
2026-01-31 06:42:46.194 [info] > git for-each-ref --format=%(refname)%00%(upstream:short)%00%(objectname)%00%(upstream:track)%00%(upstream:remotename)%00%(upstream:remoteref) refs/heads/master refs/remotes/master [3ms]
2026-01-31 06:42:46.194 [info] > git config --get commit.template [16ms]
2026-01-31 06:42:46.230 [info] > git for-each-ref --sort -committerdate --format %(refname)%00%(objectname)%00%(*objectname) [3ms]
2026-01-31 06:42:46.233 [info] > git status -z -uall [27ms]
2026-01-31 06:42:51.266 [info] > git config --get commit.template [13ms]
2026-01-31 06:42:51.267 [info] > git for-each-ref --format=%(refname)%00%(upstream:short)%00%(objectname)%00%(upstream:track)%00%(upstream:remotename)%00%(upstream:remoteref) refs/heads/master refs/remotes/master [2ms]
2026-01-31 06:42:51.295 [info] > git for-each-ref --sort -committerdate --format %(refname)%00%(objectname)%00%(*objectname) [3ms]
2026-01-31 06:42:51.299 [info] > git status -z -uall [21ms]
2026-01-31 06:42:56.325 [info] > git config --get commit.template [12ms]
2026-01-31 06:42:56.326 [info] > git for-each-ref --format=%(refname)%00%(upstream:short)%00%(objectname)%00%(upstream:track)%00%(upstream:remotename)%00%(upstream:remoteref) refs/heads/master refs/remotes/master [2ms]
2026-01-31 06:42:56.354 [info] > git for-each-ref --sort -committerdate --format %(refname)%00%(objectname)%00%(*objectname) [4ms]
2026-01-31 06:42:56.359 [info] > git status -z -uall [22ms]
2026-01-31 06:43:01.387 [info] > git config --get commit.template [14ms]
2026-01-31 06:43:01.389 [info] > git for-each-ref --format=%(refname)%00%(upstream:short)%00%(objectname)%00%(upstream:track)%00%(upstream:remotename)%00%(upstream:remoteref) refs/heads/master refs/remotes/master [3ms]
2026-01-31 06:43:01.416 [info] > git for-each-ref --sort -committerdate --format %(refname)%00%(objectname)%00%(*objectname) [3ms]
2026-01-31 06:43:01.419 [info] > git status -z -uall [20ms]
2026-01-31 06:43:04.137 [info] > git check-ignore -v -z --stdin [3ms]
2026-01-31 06:43:04.444 [info] > git show --textconv :frontend/templates/frontend/calendar.html [17ms]
2026-01-31 06:43:04.444 [info] > git ls-files --stage -- frontend/templates/frontend/calendar.html [1ms]
2026-01-31 06:43:04.445 [warning] [GitFileSystemProvider][stat] File not found - git:/home/sundersan0807/frontend/templates/frontend/calendar.html.git?%7B%22path%22%3A%22%2Fhome%2Fsundersan0807%2Ffrontend%2Ftemplates%2Ffrontend%2Fcalendar.html%22%2C%22ref%22%3A%22%22%7D
2026-01-31 06:43:04.445 [warning] [GitFileSystemProvider][readFile] File not found - git:/home/sundersan0807/frontend/templates/frontend/calendar.html.git?%7B%22path%22%3A%22%2Fhome%2Fsundersan0807%2Ffrontend%2Ftemplates%2Ffrontend%2Fcalendar.html%22%2C%22ref%22%3A%22%22%7D
2026-01-31 06:43:04.509 [info] > git blame --root --incremental 9d6d4250f73545a314089f3f9c1ea1020edeab05 -- frontend/templates/frontend/calendar.html [2ms]
2026-01-31 06:43:04.509 [info] fatal: no such path frontend/templates/frontend/calendar.html in 9d6d4250f73545a314089f3f9c1ea1020edeab05
2026-01-31 06:43:17.455 [info] > git config --get commit.template [14ms]
2026-01-31 06:43:17.456 [info] > git for-each-ref --format=%(refname)%00%(upstream:short)%00%(objectname)%00%(upstream:track)%00%(upstream:remotename)%00%(upstream:remoteref) refs/heads/master refs/remotes/master [4ms]
2026-01-31 06:43:17.485 [info] > git for-each-ref --sort -committerdate --format %(refname)%00%(objectname)%00%(*objectname) [4ms]
2026-01-31 06:43:17.489 [info] > git status -z -uall [23ms]
2026-01-31 06:43:20.566 [info] > git check-ignore -v -z --stdin [6ms]
2026-01-31 06:43:22.507 [info] > git config --get commit.template [3ms]
2026-01-31 06:43:22.524 [info] > git for-each-ref --format=%(refname)%00%(upstream:short)%00%(objectname)%00%(upstream:track)%00%(upstream:remotename)%00%(upstream:remoteref) refs/heads/master refs/remotes/master [2ms]
2026-01-31 06:43:22.548 [info] > git for-each-ref --sort -committerdate --format %(refname)%00%(objectname)%00%(*objectname) [3ms]
2026-01-31 06:43:22.609 [info] > git status -z -uall [76ms]
2026-01-31 06:43:32.984 [info] > git config --get commit.template [3ms]
2026-01-31 06:43:32.997 [info] > git for-each-ref --format=%(refname)%00%(upstream:short)%00%(objectname)%00%(upstream:track)%00%(upstream:remotename)%00%(upstream:remoteref) refs/heads/master refs/remotes/master [1ms]
2026-01-31 06:43:33.036 [info] > git status -z -uall [25ms]
2026-01-31 06:43:33.038 [info] > git for-each-ref --sort -committerdate --format %(refname)%00%(objectname)%00%(*objectname) [3ms]
2026-01-31 06:44:20.300 [info] > git for-each-ref --format=%(refname)%00%(upstream:short)%00%(objectname)%00%(upstream:track)%00%(upstream:remotename)%00%(upstream:remoteref) refs/heads/master refs/remotes/master [3ms]
2026-01-31 06:44:20.300 [info] > git config --get commit.template [16ms]
2026-01-31 06:44:20.331 [info] > git for-each-ref --sort -committerdate --format %(refname)%00%(objectname)%00%(*objectname) [2ms]
2026-01-31 06:44:20.335 [info] > git status -z -uall [23ms]
2026-01-31 06:44:25.353 [info] > git config --get commit.template [4ms]
2026-01-31 06:44:25.365 [info] > git for-each-ref --format=%(refname)%00%(upstream:short)%00%(objectname)%00%(upstream:track)%00%(upstream:remotename)%00%(upstream:remoteref) refs/heads/master refs/remotes/master [3ms]
2026-01-31 06:44:25.390 [info] > git for-each-ref --sort -committerdate --format %(refname)%00%(objectname)%00%(*objectname) [2ms]
2026-01-31 06:44:25.396 [info] > git status -z -uall [22ms]
2026-01-31 06:44:30.428 [info] > git config --get commit.template [14ms]
2026-01-31 06:44:30.429 [info] > git for-each-ref --format=%(refname)%00%(upstream:short)%00%(objectname)%00%(upstream:track)%00%(upstream:remotename)%00%(upstream:remoteref) refs/heads/master refs/remotes/master [2ms]
2026-01-31 06:44:30.456 [info] > git for-each-ref --sort -committerdate --format %(refname)%00%(objectname)%00%(*objectname) [2ms]
2026-01-31 06:44:30.462 [info] > git status -z -uall [21ms]
2026-01-31 06:44:58.588 [info] > git config --get commit.template [11ms]
2026-01-31 06:44:58.589 [info] > git for-each-ref --format=%(refname)%00%(upstream:short)%00%(objectname)%00%(upstream:track)%00%(upstream:remotename)%00%(upstream:remoteref) refs/heads/master refs/remotes/master [2ms]
2026-01-31 06:44:58.615 [info] > git for-each-ref --sort -committerdate --format %(refname)%00%(objectname)%00%(*objectname) [2ms]
2026-01-31 06:44:58.620 [info] > git status -z -uall [20ms]
2026-01-31 06:45:03.653 [info] > git config --get commit.template [14ms]
2026-01-31 06:45:03.654 [info] > git for-each-ref --format=%(refname)%00%(upstream:short)%00%(objectname)%00%(upstream:track)%00%(upstream:remotename)%00%(upstream:remoteref) refs/heads/master refs/remotes/master [2ms]
2026-01-31 06:45:03.681 [info] > git for-each-ref --sort -committerdate --format %(refname)%00%(objectname)%00%(*objectname) [3ms]
2026-01-31 06:45:03.686 [info] > git status -z -uall [22ms]
2026-01-31 06:45:09.081 [info] > git config --get commit.template [10ms]
2026-01-31 06:45:09.106 [info] > git for-each-ref --format=%(refname)%00%(upstream:short)%00%(objectname)%00%(upstream:track)%00%(upstream:remotename)%00%(upstream:remoteref) refs/heads/master refs/remotes/master [3ms]
2026-01-31 06:45:09.136 [info] > git for-each-ref --sort -committerdate --format %(refname)%00%(objectname)%00%(*objectname) [6ms]
2026-01-31 06:45:09.138 [info] > git status -z -uall [22ms]
2026-01-31 06:45:18.055 [info] > git config --get commit.template [2ms]
2026-01-31 06:45:18.067 [info] > git for-each-ref --format=%(refname)%00%(upstream:short)%00%(objectname)%00%(upstream:track)%00%(upstream:remotename)%00%(upstream:remoteref) refs/heads/master refs/remotes/master [2ms]
2026-01-31 06:45:18.092 [info] > git for-each-ref --sort -committerdate --format %(refname)%00%(objectname)%00%(*objectname) [2ms]
2026-01-31 06:45:18.099 [info] > git status -z -uall [21ms]
2026-01-31 06:45:52.090 [info] > git config --get commit.template [14ms]
2026-01-31 06:45:52.091 [info] > git for-each-ref --format=%(refname)%00%(upstream:short)%00%(objectname)%00%(upstream:track)%00%(upstream:remotename)%00%(upstream:remoteref) refs/heads/master refs/remotes/master [2ms]
2026-01-31 06:45:52.119 [info] > git for-each-ref --sort -committerdate --format %(refname)%00%(objectname)%00%(*objectname) [2ms]
2026-01-31 06:45:52.126 [info] > git status -z -uall [20ms]
2026-01-31 06:45:57.153 [info] > git config --get commit.template [11ms]
2026-01-31 06:45:57.153 [info] > git for-each-ref --format=%(refname)%00%(upstream:short)%00%(objectname)%00%(upstream:track)%00%(upstream:remotename)%00%(upstream:remoteref) refs/heads/master refs/remotes/master [2ms]
2026-01-31 06:45:57.186 [info] > git status -z -uall [23ms]
2026-01-31 06:45:57.187 [info] > git for-each-ref --sort -committerdate --format %(refname)%00%(objectname)%00%(*objectname) [14ms]
2026-01-31 06:47:01.837 [info] > git config --get commit.template [30ms]
2026-01-31 06:47:01.846 [info] > git for-each-ref --format=%(refname)%00%(upstream:short)%00%(objectname)%00%(upstream:track)%00%(upstream:remotename)%00%(upstream:remoteref) refs/heads/master refs/remotes/master [11ms]
2026-01-31 06:47:01.914 [info] > git for-each-ref --sort -committerdate --format %(refname)%00%(objectname)%00%(*objectname) [2ms]
2026-01-31 06:47:01.921 [info] > git status -z -uall [44ms]
2026-01-31 06:47:06.954 [info] > git config --get commit.template [12ms]
2026-01-31 06:47:06.956 [info] > git for-each-ref --format=%(refname)%00%(upstream:short)%00%(objectname)%00%(upstream:track)%00%(upstream:remotename)%00%(upstream:remoteref) refs/heads/master refs/remotes/master [2ms]
2026-01-31 06:47:06.990 [info] > git for-each-ref --sort -committerdate --format %(refname)%00%(objectname)%00%(*objectname) [3ms]
2026-01-31 06:47:06.996 [info] > git status -z -uall [28ms]
2026-01-31 06:47:12.026 [info] > git config --get commit.template [12ms]
2026-01-31 06:47:12.027 [info] > git for-each-ref --format=%(refname)%00%(upstream:short)%00%(objectname)%00%(upstream:track)%00%(upstream:remotename)%00%(upstream:remoteref) refs/heads/master refs/remotes/master [2ms]
2026-01-31 06:47:12.053 [info] > git for-each-ref --sort -committerdate --format %(refname)%00%(objectname)%00%(*objectname) [3ms]
2026-01-31 06:47:12.060 [info] > git status -z -uall [21ms]
2026-01-31 06:47:29.153 [info] > git config --get commit.template [1ms]
2026-01-31 06:47:29.165 [info] > git for-each-ref --format=%(refname)%00%(upstream:short)%00%(objectname)%00%(upstream:track)%00%(upstream:remotename)%00%(upstream:remoteref) refs/heads/master refs/remotes/master [2ms]
2026-01-31 06:47:29.194 [info] > git for-each-ref --sort -committerdate --format %(refname)%00%(objectname)%00%(*objectname) [4ms]
2026-01-31 06:47:29.200 [info] > git status -z -uall [25ms]
2026-01-31 06:47:34.230 [info] > git config --get commit.template [12ms]
2026-01-31 06:47:34.231 [info] > git for-each-ref --format=%(refname)%00%(upstream:short)%00%(objectname)%00%(upstream:track)%00%(upstream:remotename)%00%(upstream:remoteref) refs/heads/master refs/remotes/master [2ms]
2026-01-31 06:47:34.258 [info] > git for-each-ref --sort -committerdate --format %(refname)%00%(objectname)%00%(*objectname) [2ms]
2026-01-31 06:47:34.266 [info] > git status -z -uall [24ms]
2026-01-31 06:47:40.163 [info] > git config --get commit.template [12ms]
2026-01-31 06:47:40.165 [info] > git for-each-ref --format=%(refname)%00%(upstream:short)%00%(objectname)%00%(upstream:track)%00%(upstream:remotename)%00%(upstream:remoteref) refs/heads/master refs/remotes/master [3ms]
2026-01-31 06:47:40.191 [info] > git for-each-ref --sort -committerdate --format %(refname)%00%(objectname)%00%(*objectname) [1ms]
2026-01-31 06:47:40.201 [info] > git status -z -uall [27ms]
2026-01-31 06:47:45.229 [info] > git config --get commit.template [13ms]
2026-01-31 06:47:45.230 [info] > git for-each-ref --format=%(refname)%00%(upstream:short)%00%(objectname)%00%(upstream:track)%00%(upstream:remotename)%00%(upstream:remoteref) refs/heads/master refs/remotes/master [2ms]
2026-01-31 06:47:45.256 [info] > git for-each-ref --sort -committerdate --format %(refname)%00%(objectname)%00%(*objectname) [3ms]
2026-01-31 06:47:45.261 [info] > git status -z -uall [21ms]
2026-01-31 06:48:05.159 [info] > git config --get commit.template [10ms]
2026-01-31 06:48:05.161 [info] > git for-each-ref --format=%(refname)%00%(upstream:short)%00%(objectname)%00%(upstream:track)%00%(upstream:remotename)%00%(upstream:remoteref) refs/heads/master refs/remotes/master [3ms]
2026-01-31 06:48:05.192 [info] > git for-each-ref --sort -committerdate --format %(refname)%00%(objectname)%00%(*objectname) [3ms]
2026-01-31 06:48:05.201 [info] > git status -z -uall [31ms]
2026-01-31 06:48:10.221 [info] > git config --get commit.template [3ms]
2026-01-31 06:48:10.233 [info] > git for-each-ref --format=%(refname)%00%(upstream:short)%00%(objectname)%00%(upstream:track)%00%(upstream:remotename)%00%(upstream:remoteref) refs/heads/master refs/remotes/master [2ms]
2026-01-31 06:48:10.273 [info] > git for-each-ref --sort -committerdate --format %(refname)%00%(objectname)%00%(*objectname) [4ms]
2026-01-31 06:48:10.274 [info] > git status -z -uall [26ms]
2026-01-31 06:49:38.258 [info] > git for-each-ref --format=%(refname)%00%(upstream:short)%00%(objectname)%00%(upstream:track)%00%(upstream:remotename)%00%(upstream:remoteref) refs/heads/master refs/remotes/master [3ms]
2026-01-31 06:49:38.258 [info] > git config --get commit.template [14ms]
2026-01-31 06:49:38.285 [info] > git for-each-ref --sort -committerdate --format %(refname)%00%(objectname)%00%(*objectname) [3ms]
2026-01-31 06:49:38.294 [info] > git status -z -uall [24ms]
2026-01-31 06:50:42.541 [info] > git config --get commit.template [1ms]
2026-01-31 06:50:42.560 [info] > git for-each-ref --format=%(refname)%00%(upstream:short)%00%(objectname)%00%(upstream:track)%00%(upstream:remotename)%00%(upstream:remoteref) refs/heads/master refs/remotes/master [3ms]
2026-01-31 06:50:42.621 [info] > git for-each-ref --sort -committerdate --format %(refname)%00%(objectname)%00%(*objectname) [6ms]
2026-01-31 06:50:42.629 [info] > git status -z -uall [43ms]
2026-01-31 06:53:04.112 [info] > git config --get commit.template [9ms]
2026-01-31 06:53:04.152 [info] > git for-each-ref --format=%(refname)%00%(upstream:short)%00%(objectname)%00%(upstream:track)%00%(upstream:remotename)%00%(upstream:remoteref) refs/heads/master refs/remotes/master [7ms]
2026-01-31 06:53:04.220 [info] > git for-each-ref --sort -committerdate --format %(refname)%00%(objectname)%00%(*objectname) [14ms]
2026-01-31 06:53:04.240 [info] > git status -z -uall [62ms]
2026-01-31 06:53:09.270 [info] > git config --get commit.template [12ms]
2026-01-31 06:53:09.271 [info] > git for-each-ref --format=%(refname)%00%(upstream:short)%00%(objectname)%00%(upstream:track)%00%(upstream:remotename)%00%(upstream:remoteref) refs/heads/master refs/remotes/master [2ms]
2026-01-31 06:53:09.308 [info] > git for-each-ref --sort -committerdate --format %(refname)%00%(objectname)%00%(*objectname) [4ms]
2026-01-31 06:53:09.311 [info] > git status -z -uall [27ms]
2026-01-31 06:54:31.108 [info] > git for-each-ref --format=%(refname)%00%(upstream:short)%00%(objectname)%00%(upstream:track)%00%(upstream:remotename)%00%(upstream:remoteref) refs/heads/master refs/remotes/master [3ms]
2026-01-31 06:54:31.108 [info] > git config --get commit.template [15ms]
2026-01-31 06:54:31.136 [info] > git for-each-ref --sort -committerdate --format %(refname)%00%(objectname)%00%(*objectname) [2ms]
2026-01-31 06:54:31.140 [info] > git status -z -uall [20ms]
2026-01-31 06:54:34.321 [info] > git check-ignore -v -z --stdin [3ms]
2026-01-31 06:54:36.166 [info] > git config --get commit.template [12ms]
2026-01-31 06:54:36.167 [info] > git for-each-ref --format=%(refname)%00%(upstream:short)%00%(objectname)%00%(upstream:track)%00%(upstream:remotename)%00%(upstream:remoteref) refs/heads/master refs/remotes/master [2ms]
2026-01-31 06:54:36.195 [info] > git for-each-ref --sort -committerdate --format %(refname)%00%(objectname)%00%(*objectname) [3ms]
2026-01-31 06:54:36.198 [info] > git status -z -uall [21ms]
2026-01-31 06:54:41.232 [info] > git config --get commit.template [17ms]
2026-01-31 06:54:41.233 [info] > git for-each-ref --format=%(refname)%00%(upstream:short)%00%(objectname)%00%(upstream:track)%00%(upstream:remotename)%00%(upstream:remoteref) refs/heads/master refs/remotes/master [2ms]
2026-01-31 06:54:41.261 [info] > git for-each-ref --sort -committerdate --format %(refname)%00%(objectname)%00%(*objectname) [2ms]
2026-01-31 06:54:41.269 [info] > git status -z -uall [23ms]
2026-01-31 06:55:04.819 [info] > git config --get commit.template [14ms]
2026-01-31 06:55:04.820 [info] > git for-each-ref --format=%(refname)%00%(upstream:short)%00%(objectname)%00%(upstream:track)%00%(upstream:remotename)%00%(upstream:remoteref) refs/heads/master refs/remotes/master [2ms]
2026-01-31 06:55:04.846 [info] > git for-each-ref --sort -committerdate --format %(refname)%00%(objectname)%00%(*objectname) [2ms]
2026-01-31 06:55:04.852 [info] > git status -z -uall [21ms]
2026-01-31 06:55:09.888 [info] > git for-each-ref --format=%(refname)%00%(upstream:short)%00%(objectname)%00%(upstream:track)%00%(upstream:remotename)%00%(upstream:remoteref) refs/heads/master refs/remotes/master [1ms]
2026-01-31 06:55:09.889 [info] > git config --get commit.template [20ms]
2026-01-31 06:55:09.917 [info] > git for-each-ref --sort -committerdate --format %(refname)%00%(objectname)%00%(*objectname) [3ms]
2026-01-31 06:55:09.924 [info] > git status -z -uall [22ms]
2026-01-31 06:55:14.954 [info] > git config --get commit.template [13ms]
2026-01-31 06:55:14.955 [info] > git for-each-ref --format=%(refname)%00%(upstream:short)%00%(objectname)%00%(upstream:track)%00%(upstream:remotename)%00%(upstream:remoteref) refs/heads/master refs/remotes/master [2ms]
2026-01-31 06:55:14.985 [info] > git for-each-ref --sort -committerdate --format %(refname)%00%(objectname)%00%(*objectname) [2ms]
2026-01-31 06:55:14.993 [info] > git status -z -uall [24ms]
2026-01-31 06:55:20.015 [info] > git config --get commit.template [7ms]
2026-01-31 06:55:20.028 [info] > git for-each-ref --format=%(refname)%00%(upstream:short)%00%(objectname)%00%(upstream:track)%00%(upstream:remotename)%00%(upstream:remoteref) refs/heads/master refs/remotes/master [3ms]
2026-01-31 06:55:20.058 [info] > git for-each-ref --sort -committerdate --format %(refname)%00%(objectname)%00%(*objectname) [1ms]
2026-01-31 06:55:20.063 [info] > git status -z -uall [22ms]
2026-01-31 06:56:22.233 [info] > git config --get commit.template [15ms]
2026-01-31 06:56:22.234 [info] > git for-each-ref --format=%(refname)%00%(upstream:short)%00%(objectname)%00%(upstream:track)%00%(upstream:remotename)%00%(upstream:remoteref) refs/heads/master refs/remotes/master [2ms]
2026-01-31 06:56:22.264 [info] > git for-each-ref --sort -committerdate --format %(refname)%00%(objectname)%00%(*objectname) [3ms]
2026-01-31 06:56:22.276 [info] > git status -z -uall [29ms]
2026-01-31 06:56:27.302 [info] > git config --get commit.template [11ms]
2026-01-31 06:56:27.304 [info] > git for-each-ref --format=%(refname)%00%(upstream:short)%00%(objectname)%00%(upstream:track)%00%(upstream:remotename)%00%(upstream:remoteref) refs/heads/master refs/remotes/master [3ms]
2026-01-31 06:56:27.331 [info] > git for-each-ref --sort -committerdate --format %(refname)%00%(objectname)%00%(*objectname) [4ms]
2026-01-31 06:56:27.335 [info] > git status -z -uall [21ms]
2026-01-31 06:59:29.372 [info] > git config --get commit.template [13ms]
2026-01-31 06:59:29.373 [info] > git for-each-ref --format=%(refname)%00%(upstream:short)%00%(objectname)%00%(upstream:track)%00%(upstream:remotename)%00%(upstream:remoteref) refs/heads/master refs/remotes/master [2ms]
2026-01-31 06:59:29.399 [info] > git for-each-ref --sort -committerdate --format %(refname)%00%(objectname)%00%(*objectname) [2ms]
2026-01-31 06:59:29.406 [info] > git status -z -uall [21ms]
2026-01-31 07:12:48.535 [info] > git for-each-ref --format=%(refname)%00%(upstream:short)%00%(objectname)%00%(upstream:track)%00%(upstream:remotename)%00%(upstream:remoteref) refs/heads/master refs/remotes/master [3ms]
2026-01-31 07:12:48.535 [info] > git config --get commit.template [16ms]
2026-01-31 07:12:48.563 [info] > git for-each-ref --sort -committerdate --format %(refname)%00%(objectname)%00%(*objectname) [2ms]
2026-01-31 07:12:48.570 [info] > git status -z -uall [23ms]
2026-01-31 07:14:13.628 [info] > git config --get commit.template [12ms]
2026-01-31 07:14:13.629 [info] > git for-each-ref --format=%(refname)%00%(upstream:short)%00%(objectname)%00%(upstream:track)%00%(upstream:remotename)%00%(upstream:remoteref) refs/heads/master refs/remotes/master [2ms]
2026-01-31 07:14:13.666 [info] > git status -z -uall [27ms]
2026-01-31 07:14:13.666 [info] > git for-each-ref --sort -committerdate --format %(refname)%00%(objectname)%00%(*objectname) [3ms]
2026-01-31 07:14:18.687 [info] > git config --get commit.template [1ms]
2026-01-31 07:14:18.700 [info] > git for-each-ref --format=%(refname)%00%(upstream:short)%00%(objectname)%00%(upstream:track)%00%(upstream:remotename)%00%(upstream:remoteref) refs/heads/master refs/remotes/master [2ms]
2026-01-31 07:14:18.728 [info] > git for-each-ref --sort -committerdate --format %(refname)%00%(objectname)%00%(*objectname) [3ms]
2026-01-31 07:14:18.731 [info] > git status -z -uall [21ms]
2026-01-31 07:14:38.819 [info] > git config --get commit.template [6ms]
2026-01-31 07:14:38.839 [info] > git for-each-ref --format=%(refname)%00%(upstream:short)%00%(objectname)%00%(upstream:track)%00%(upstream:remotename)%00%(upstream:remoteref) refs/heads/master refs/remotes/master [3ms]
2026-01-31 07:14:38.867 [info] > git for-each-ref --sort -committerdate --format %(refname)%00%(objectname)%00%(*objectname) [1ms]
2026-01-31 07:14:38.872 [info] > git status -z -uall [23ms]
2026-01-31 07:14:46.490 [info] > git config --get commit.template [16ms]
2026-01-31 07:14:46.492 [info] > git for-each-ref --format=%(refname)%00%(upstream:short)%00%(objectname)%00%(upstream:track)%00%(upstream:remotename)%00%(upstream:remoteref) refs/heads/master refs/remotes/master [3ms]
2026-01-31 07:14:46.520 [info] > git for-each-ref --sort -committerdate --format %(refname)%00%(objectname)%00%(*objectname) [2ms]
2026-01-31 07:14:46.524 [info] > git status -z -uall [22ms]
2026-01-31 07:14:51.544 [info] > git config --get commit.template [1ms]
2026-01-31 07:14:51.572 [info] > git for-each-ref --format=%(refname)%00%(upstream:short)%00%(objectname)%00%(upstream:track)%00%(upstream:remotename)%00%(upstream:remoteref) refs/heads/master refs/remotes/master [5ms]
2026-01-31 07:14:51.623 [info] > git for-each-ref --sort -committerdate --format %(refname)%00%(objectname)%00%(*objectname) [3ms]
2026-01-31 07:14:51.629 [info] > git status -z -uall [26ms]
2026-01-31 07:15:49.568 [info] > git config --get commit.template [13ms]
2026-01-31 07:15:49.569 [info] > git for-each-ref --format=%(refname)%00%(upstream:short)%00%(objectname)%00%(upstream:track)%00%(upstream:remotename)%00%(upstream:remoteref) refs/heads/master refs/remotes/master [2ms]
2026-01-31 07:15:49.597 [info] > git for-each-ref --sort -committerdate --format %(refname)%00%(objectname)%00%(*objectname) [3ms]
2026-01-31 07:15:49.605 [info] > git status -z -uall [25ms]
2026-01-31 07:28:25.347 [info] > git config --get commit.template [15ms]
2026-01-31 07:28:25.349 [info] > git for-each-ref --format=%(refname)%00%(upstream:short)%00%(objectname)%00%(upstream:track)%00%(upstream:remotename)%00%(upstream:remoteref) refs/heads/master refs/remotes/master [3ms]
2026-01-31 07:28:25.378 [info] > git for-each-ref --sort -committerdate --format %(refname)%00%(objectname)%00%(*objectname) [2ms]
2026-01-31 07:28:25.386 [info] > git status -z -uall [25ms]
2026-01-31 07:28:30.402 [info] > git config --get commit.template [2ms]
2026-01-31 07:28:30.414 [info] > git for-each-ref --format=%(refname)%00%(upstream:short)%00%(objectname)%00%(upstream:track)%00%(upstream:remotename)%00%(upstream:remoteref) refs/heads/master refs/remotes/master [2ms]
2026-01-31 07:28:30.447 [info] > git for-each-ref --sort -committerdate --format %(refname)%00%(objectname)%00%(*objectname) [3ms]
2026-01-31 07:28:30.455 [info] > git status -z -uall [28ms]
2026-01-31 07:28:40.088 [info] > git config --get commit.template [12ms]
2026-01-31 07:28:40.089 [info] > git for-each-ref --format=%(refname)%00%(upstream:short)%00%(objectname)%00%(upstream:track)%00%(upstream:remotename)%00%(upstream:remoteref) refs/heads/master refs/remotes/master [2ms]
2026-01-31 07:28:40.117 [info] > git for-each-ref --sort -committerdate --format %(refname)%00%(objectname)%00%(*objectname) [2ms]
2026-01-31 07:28:40.124 [info] > git status -z -uall [23ms]
2026-01-31 07:30:19.276 [info] > git config --get commit.template [11ms]
2026-01-31 07:30:19.279 [info] > git for-each-ref --format=%(refname)%00%(upstream:short)%00%(objectname)%00%(upstream:track)%00%(upstream:remotename)%00%(upstream:remoteref) refs/heads/master refs/remotes/master [4ms]
2026-01-31 07:30:19.306 [info] > git for-each-ref --sort -committerdate --format %(refname)%00%(objectname)%00%(*objectname) [2ms]
2026-01-31 07:30:19.315 [info] > git status -z -uall [23ms]
2026-01-31 07:30:24.346 [info] > git for-each-ref --format=%(refname)%00%(upstream:short)%00%(objectname)%00%(upstream:track)%00%(upstream:remotename)%00%(upstream:remoteref) refs/heads/master refs/remotes/master [3ms]
2026-01-31 07:30:24.346 [info] > git config --get commit.template [16ms]
2026-01-31 07:30:24.394 [info] > git status -z -uall [35ms]
2026-01-31 07:30:24.400 [info] > git for-each-ref --sort -committerdate --format %(refname)%00%(objectname)%00%(*objectname) [13ms]
2026-01-31 07:30:33.997 [info] > git config --get commit.template [4ms]
2026-01-31 07:30:34.010 [info] > git for-each-ref --format=%(refname)%00%(upstream:short)%00%(objectname)%00%(upstream:track)%00%(upstream:remotename)%00%(upstream:remoteref) refs/heads/master refs/remotes/master [3ms]
2026-01-31 07:30:34.037 [info] > git for-each-ref --sort -committerdate --format %(refname)%00%(objectname)%00%(*objectname) [3ms]
2026-01-31 07:30:34.043 [info] > git status -z -uall [23ms]
2026-01-31 07:30:39.074 [info] > git config --get commit.template [12ms]
2026-01-31 07:30:39.076 [info] > git for-each-ref --format=%(refname)%00%(upstream:short)%00%(objectname)%00%(upstream:track)%00%(upstream:remotename)%00%(upstream:remoteref) refs/heads/master refs/remotes/master [3ms]
2026-01-31 07:30:39.105 [info] > git for-each-ref --sort -committerdate --format %(refname)%00%(objectname)%00%(*objectname) [3ms]
2026-01-31 07:30:39.109 [info] > git status -z -uall [23ms]
2026-01-31 07:30:46.271 [info] > git config --get commit.template [14ms]
2026-01-31 07:30:46.272 [info] > git for-each-ref --format=%(refname)%00%(upstream:short)%00%(objectname)%00%(upstream:track)%00%(upstream:remotename)%00%(upstream:remoteref) refs/heads/master refs/remotes/master [2ms]
2026-01-31 07:30:46.301 [info] > git for-each-ref --sort -committerdate --format %(refname)%00%(objectname)%00%(*objectname) [3ms]
2026-01-31 07:30:46.308 [info] > git status -z -uall [24ms]
2026-01-31 07:30:58.300 [info] > git config --get commit.template [18ms]
2026-01-31 07:30:58.301 [info] > git for-each-ref --format=%(refname)%00%(upstream:short)%00%(objectname)%00%(upstream:track)%00%(upstream:remotename)%00%(upstream:remoteref) refs/heads/master refs/remotes/master [4ms]
2026-01-31 07:30:58.341 [info] > git for-each-ref --sort -committerdate --format %(refname)%00%(objectname)%00%(*objectname) [2ms]
2026-01-31 07:30:58.344 [info] > git status -z -uall [28ms]
2026-01-31 07:32:26.865 [info] > git config --get commit.template [14ms]
2026-01-31 07:32:26.868 [info] > git for-each-ref --format=%(refname)%00%(upstream:short)%00%(objectname)%00%(upstream:track)%00%(upstream:remotename)%00%(upstream:remoteref) refs/heads/master refs/remotes/master [5ms]
2026-01-31 07:32:26.896 [info] > git for-each-ref --sort -committerdate --format %(refname)%00%(objectname)%00%(*objectname) [2ms]
2026-01-31 07:32:26.908 [info] > git status -z -uall [28ms]
2026-01-31 07:33:02.672 [info] > git config --get commit.template [1ms]
2026-01-31 07:33:02.686 [info] > git for-each-ref --format=%(refname)%00%(upstream:short)%00%(objectname)%00%(upstream:track)%00%(upstream:remotename)%00%(upstream:remoteref) refs/heads/master refs/remotes/master [3ms]
2026-01-31 07:33:02.713 [info] > git for-each-ref --sort -committerdate --format %(refname)%00%(objectname)%00%(*objectname) [3ms]
2026-01-31 07:33:02.718 [info] > git status -z -uall [23ms]
2026-01-31 07:48:41.620 [info] > git config --get commit.template [13ms]
2026-01-31 07:48:41.621 [info] > git for-each-ref --format=%(refname)%00%(upstream:short)%00%(objectname)%00%(upstream:track)%00%(upstream:remotename)%00%(upstream:remoteref) refs/heads/master refs/remotes/master [2ms]
2026-01-31 07:48:41.648 [info] > git for-each-ref --sort -committerdate --format %(refname)%00%(objectname)%00%(*objectname) [2ms]
2026-01-31 07:48:41.655 [info] > git status -z -uall [22ms]
2026-01-31 07:48:46.723 [info] > git config --get commit.template [29ms]
2026-01-31 07:48:46.727 [info] > git for-each-ref --format=%(refname)%00%(upstream:short)%00%(objectname)%00%(upstream:track)%00%(upstream:remotename)%00%(upstream:remoteref) refs/heads/master refs/remotes/master [5ms]
2026-01-31 07:48:46.795 [info] > git for-each-ref --sort -committerdate --format %(refname)%00%(objectname)%00%(*objectname) [8ms]
2026-01-31 07:48:46.804 [info] > git status -z -uall [53ms]
