Initializing document watcher...
Document watcher initialized
sundersan0807/config/urls.py: {"tabSize":4,"indentSize":4,"insertSpaces":true,"cursorStyle":1,"lineNumbers":1}
sundersan0807/config/urls.py: {"tabSize":4,"indentSize":4,"insertSpaces":true,"cursorStyle":1,"lineNumbers":1}
sundersan0807/config/urls.py: {"tabSize":4,"indentSize":4,"insertSpaces":true,"cursorStyle":1,"lineNumbers":1}
sundersan0807/config/urls.py: {"tabSize":4,"indentSize":4,"insertSpaces":true,"cursorStyle":1,"lineNumbers":1}
sundersan0807/config/urls.py: Using EditorConfig core...
sundersan0807/config/urls.py: Using EditorConfig core...
sundersan0807/config/urls.py: Using EditorConfig core...
sundersan0807/config/urls.py: Using EditorConfig core...
sundersan0807/config/urls.py: Using EditorConfig core...
sundersan0807/config/urls.py: Using EditorConfig core...
sundersan0807/config/urls.py: Using EditorConfig core...
sundersan0807/config/urls.py: {"tabSize":4,"indentSize":4,"insertSpaces":true,"cursorStyle":1,"lineNumbers":1}
sundersan0807/config/urls.py: {"tabSize":4,"indentSize":4,"insertSpaces":true,"cursorStyle":1,"lineNumbers":1}
sundersan0807/config/urls.py: {"tabSize":4,"indentSize":4,"insertSpaces":true,"cursorStyle":1,"lineNumbers":1}
sundersan0807/config/urls.py: {"tabSize":4,"indentSize":4,"insertSpaces":true,"cursorStyle":1,"lineNumbers":1}
sundersan0807/config/urls.py: Using EditorConfig core...
sundersan0807/config/urls.py: Using EditorConfig core...
sundersan0807/config/urls.py: Using EditorConfig core...
sundersan0807/config/urls.py: {"tabSize":4,"indentSize":4,"insertSpaces":true,"cursorStyle":1,"lineNumbers":1}
sundersan0807/config/urls.py: {"tabSize":4,"indentSize":4,"insertSpaces":true,"cursorStyle":1,"lineNumbers":1}
sundersan0807/config/urls.py: {"tabSize":4,"indentSize":4,"insertSpaces":true,"cursorStyle":1,"lineNumbers":1}
sundersan0807/config/urls.py: Using EditorConfig core...
sundersan0807/config/urls.py: Using EditorConfig core...
sundersan0807/config/urls.py: {"tabSize":4,"indentSize":4,"insertSpaces":true,"cursorStyle":1,"lineNumbers":1}
sundersan0807/config/urls.py: {"tabSize":4,"indentSize":4,"insertSpaces":true,"cursorStyle":1,"lineNumbers":1}
sundersan0807/config/urls.py: {"tabSize":4,"indentSize":4,"insertSpaces":true,"cursorStyle":1,"lineNumbers":1}
sundersan0807/config/urls.py: Using EditorConfig core...
sundersan0807/config/urls.py: Using EditorConfig core...
sundersan0807/config/urls.py: Using EditorConfig core...
sundersan0807/config/urls.py: Using EditorConfig core...
sundersan0807/config/urls.py: {"tabSize":4,"indentSize":4,"insertSpaces":true,"cursorStyle":1,"lineNumbers":1}
sundersan0807/config/settings.py: {"tabSize":4,"indentSize":4,"insertSpaces":true,"cursorStyle":1,"lineNumbers":1}
sundersan0807/config/settings.py: {"tabSize":4,"indentSize":4,"insertSpaces":true,"cursorStyle":1,"lineNumbers":1}
sundersan0807/core/views.py: {"tabSize":4,"indentSize":4,"insertSpaces":true,"cursorStyle":1,"lineNumbers":1}
sundersan0807/core/views.py: {"tabSize":4,"indentSize":4,"insertSpaces":true,"cursorStyle":1,"lineNumbers":1}
sundersan0807/config/settings.py: {"tabSize":4,"indentSize":4,"insertSpaces":true,"cursorStyle":1,"lineNumbers":1}
sundersan0807/config/urls.py: {"tabSize":4,"indentSize":4,"insertSpaces":true,"cursorStyle":1,"lineNumbers":1}
sundersan0807/frontend/views.py: {"tabSize":4,"indentSize":4,"insertSpaces":true,"cursorStyle":1,"lineNumbers":1}
sundersan0807/frontend/views.py: Using EditorConfig core...
sundersan0807/frontend/views.py: Using EditorConfig core...
sundersan0807/frontend/views.py: Using EditorConfig core...
sundersan0807/frontend/views.py: {"tabSize":4,"indentSize":4,"insertSpaces":true,"cursorStyle":1,"lineNumbers":1}
sundersan0807/frontend/views.py: Using EditorConfig core...
sundersan0807/frontend/views.py: Using EditorConfig core...
sundersan0807/frontend/urls.py: {"tabSize":4,"indentSize":4,"insertSpaces":true,"cursorStyle":1,"lineNumbers":1}
sundersan0807/frontend/urls.py: {"tabSize":4,"indentSize":4,"insertSpaces":true,"cursorStyle":1,"lineNumbers":1}
sundersan0807/frontend/urls.py: Using EditorConfig core...
sundersan0807/frontend/urls.py: Using EditorConfig core...
sundersan0807/frontend/urls.py: {"tabSize":4,"indentSize":4,"insertSpaces":true,"cursorStyle":1,"lineNumbers":1}
sundersan0807/frontend/urls.py: {"tabSize":4,"indentSize":4,"insertSpaces":true,"cursorStyle":1,"lineNumbers":1}
sundersan0807/frontend/urls.py: {"tabSize":4,"indentSize":4,"insertSpaces":true,"cursorStyle":1,"lineNumbers":1}
sundersan0807/frontend/urls.py: {"tabSize":4,"indentSize":4,"insertSpaces":true,"cursorStyle":1,"lineNumbers":1}
sundersan0807/frontend/templates/frontend/calender.html: {"tabSize":4,"indentSize":4,"insertSpaces":true,"cursorStyle":1,"lineNumbers":1}
sundersan0807/frontend/templates/frontend/calender.html: {"tabSize":4,"indentSize":4,"insertSpaces":true,"cursorStyle":1,"lineNumbers":1}
sundersan0807/frontend/templates/frontend/calender.html: Using EditorConfig core...
sundersan0807/frontend/templates/frontend/calendar.html: {"tabSize":2,"indentSize":2,"insertSpaces":true,"cursorStyle":1,"lineNumbers":1}
sundersan0807/frontend/templates/frontend/calendar.html: {"tabSize":2,"indentSize":2,"insertSpaces":true,"cursorStyle":1,"lineNumbers":1}
sundersan0807/frontend/urls.py: {"tabSize":4,"indentSize":4,"insertSpaces":true,"cursorStyle":1,"lineNumbers":1}
sundersan0807/frontend/views.py: {"tabSize":4,"indentSize":4,"insertSpaces":true,"cursorStyle":1,"lineNumbers":1}
sundersan0807/frontend/views.py: Using EditorConfig core...
sundersan0807/frontend/views.py: Using EditorConfig core...
sundersan0807/frontend/views.py: {"tabSize":4,"indentSize":4,"insertSpaces":true,"cursorStyle":1,"lineNumbers":1}
sundersan0807/frontend/templates/frontend/menu.html: {"tabSize":2,"indentSize":2,"insertSpaces":true,"cursorStyle":1,"lineNumbers":1}
sundersan0807/frontend/templates/frontend/menu.html: {"tabSize":2,"indentSize":2,"insertSpaces":true,"cursorStyle":1,"lineNumbers":1}
sundersan0807/frontend/templates/frontend/menu.html: Using EditorConfig core...
sundersan0807/frontend/templates/frontend/menu.html: Using EditorConfig core...
sundersan0807/frontend/templates/frontend/menu.html: Using EditorConfig core...
sundersan0807/frontend/templates/frontend/menu.html: Using EditorConfig core...
sundersan0807/frontend/templates/frontend/menu.html: Using EditorConfig core...
sundersan0807/frontend/templates/frontend/menu.html: Using EditorConfig core...
sundersan0807/frontend/templates/frontend/menu.html: Using EditorConfig core...
sundersan0807/frontend/templates/frontend/menu.html: Using EditorConfig core...
sundersan0807/frontend/templates/frontend/menu.html: Using EditorConfig core...
sundersan0807/frontend/templates/frontend/menu.html: Using EditorConfig core...
sundersan0807/frontend/templates/frontend/menu.html: Using EditorConfig core...
sundersan0807/frontend/templates/frontend/menu.html: {"tabSize":2,"indentSize":2,"insertSpaces":true,"cursorStyle":1,"lineNumbers":1}
sundersan0807/frontend/templates/frontend/menu.html: {"tabSize":2,"indentSize":2,"insertSpaces":true,"cursorStyle":1,"lineNumbers":1}
sundersan0807/frontend/templates/frontend/menu.html: {"tabSize":2,"indentSize":2,"insertSpaces":true,"cursorStyle":1,"lineNumbers":1}
sundersan0807/frontend/templates/frontend/menu.html: Using EditorConfig core...
sundersan0807/frontend/templates/frontend/menu.html: {"tabSize":2,"indentSize":2,"insertSpaces":true,"cursorStyle":1,"lineNumbers":1}
sundersan0807/frontend/templates/frontend/menu.html: {"tabSize":2,"indentSize":2,"insertSpaces":true,"cursorStyle":1,"lineNumbers":1}
sundersan0807/frontend/templates/frontend/menu.html: {"tabSize":2,"indentSize":2,"insertSpaces":true,"cursorStyle":1,"lineNumbers":1}
sundersan0807/frontend/templates/frontend/menu.html: {"tabSize":2,"indentSize":2,"insertSpaces":true,"cursorStyle":1,"lineNumbers":1}
sundersan0807/frontend/urls.py: {"tabSize":4,"indentSize":4,"insertSpaces":true,"cursorStyle":1,"lineNumbers":1}
sundersan0807/frontend/urls.py: {}
sundersan0807/frontend/urls.py: {}
sundersan0807/frontend/urls.py: Using EditorConfig core...
sundersan0807/frontend/urls.py: {"tabSize":4,"indentSize":4,"insertSpaces":true,"cursorStyle":1,"lineNumbers":1}
sundersan0807/frontend/views.py: {}
sundersan0807/frontend/views.py: {"tabSize":4,"indentSize":4,"insertSpaces":true,"cursorStyle":1,"lineNumbers":1}
sundersan0807/frontend/urls.py: {"tabSize":4,"indentSize":4,"insertSpaces":true,"cursorStyle":1,"lineNumbers":1}
sundersan0807/frontend/urls.py: Using EditorConfig core...
sundersan0807/frontend/urls.py: {"tabSize":4,"indentSize":4,"insertSpaces":true,"cursorStyle":1,"lineNumbers":1}
sundersan0807/frontend/urls.py: {"tabSize":4,"indentSize":4,"insertSpaces":true,"cursorStyle":1,"lineNumbers":1}
sundersan0807/frontend/urls.py: {"tabSize":4,"indentSize":4,"insertSpaces":true,"cursorStyle":1,"lineNumbers":1}
sundersan0807/frontend/urls.py: {"tabSize":4,"indentSize":4,"insertSpaces":true,"cursorStyle":1,"lineNumbers":1}
sundersan0807/frontend/urls.py: {"tabSize":4,"indentSize":4,"insertSpaces":true,"cursorStyle":1,"lineNumbers":1}
sundersan0807/frontend/urls.py: {"tabSize":4,"indentSize":4,"insertSpaces":true,"cursorStyle":1,"lineNumbers":1}
sundersan0807/frontend/urls.py: {"tabSize":4,"indentSize":4,"insertSpaces":true,"cursorStyle":1,"lineNumbers":1}
sundersan0807/frontend/templates/frontend/calendar.html: {"tabSize":2,"indentSize":2,"insertSpaces":true,"cursorStyle":1,"lineNumbers":1}
sundersan0807/frontend/templates/frontend/calendar.html: Using EditorConfig core...
sundersan0807/frontend/templates/frontend/calendar.html: {"tabSize":2,"indentSize":2,"insertSpaces":true,"cursorStyle":1,"lineNumbers":1}
sundersan0807/frontend/templates/frontend/calendar.html: {"tabSize":2,"indentSize":2,"insertSpaces":true,"cursorStyle":1,"lineNumbers":1}
sundersan0807/frontend/templates/frontend/calendar.html: {"tabSize":2,"indentSize":2,"insertSpaces":true,"cursorStyle":1,"lineNumbers":1}
sundersan0807/frontend/templates/frontend/calendar.html: {"tabSize":2,"indentSize":2,"insertSpaces":true,"cursorStyle":1,"lineNumbers":1}
sundersan0807/frontend/templates/frontend/calendar.html: {"tabSize":2,"indentSize":2,"insertSpaces":true,"cursorStyle":1,"lineNumbers":1}
sundersan0807/frontend/templates/frontend/calendar.html: {"tabSize":2,"indentSize":2,"insertSpaces":true,"cursorStyle":1,"lineNumbers":1}
sundersan0807/frontend/templates/frontend/calendar.html: {"tabSize":2,"indentSize":2,"insertSpaces":true,"cursorStyle":1,"lineNumbers":1}
sundersan0807/frontend/templates/frontend/calendar.html: Using EditorConfig core...
sundersan0807/frontend/templates/frontend/calendar.html: {"tabSize":2,"indentSize":2,"insertSpaces":true,"cursorStyle":1,"lineNumbers":1}
sundersan0807/frontend/templates/frontend/calendar.html: {"tabSize":2,"indentSize":2,"insertSpaces":true,"cursorStyle":1,"lineNumbers":1}
sundersan0807/frontend/templates/frontend/calendar.html: {"tabSize":2,"indentSize":2,"insertSpaces":true,"cursorStyle":1,"lineNumbers":1}
sundersan0807/frontend/templates/frontend/calendar.html: {"tabSize":2,"indentSize":2,"insertSpaces":true,"cursorStyle":1,"lineNumbers":1}
sundersan0807/frontend/templates/frontend/calendar.html: {"tabSize":2,"indentSize":2,"insertSpaces":true,"cursorStyle":1,"lineNumbers":1}
