Initializing document watcher...
Document watcher initialized
sundersan0807/config/settings.py: {"tabSize":4,"indentSize":4,"insertSpaces":true,"cursorStyle":1,"lineNumbers":1}
sundersan0807/config/settings.py: {"tabSize":4,"indentSize":4,"insertSpaces":true,"cursorStyle":1,"lineNumbers":1}
sundersan0807/config/settings.py: {"tabSize":4,"indentSize":4,"insertSpaces":true,"cursorStyle":1,"lineNumbers":1}
sundersan0807/config/settings.py: {"tabSize":4,"indentSize":4,"insertSpaces":true,"cursorStyle":1,"lineNumbers":1}
sundersan0807/config/settings.py: {"tabSize":4,"indentSize":4,"insertSpaces":true,"cursorStyle":1,"lineNumbers":1}
sundersan0807/config/settings.py: {"tabSize":4,"indentSize":4,"insertSpaces":true,"cursorStyle":1,"lineNumbers":1}
sundersan0807/config/settings.py: {"tabSize":4,"indentSize":4,"insertSpaces":true,"cursorStyle":1,"lineNumbers":1}
sundersan0807/config/settings.py: {"tabSize":4,"indentSize":4,"insertSpaces":true,"cursorStyle":1,"lineNumbers":1}
sundersan0807/config/settings.py: {"tabSize":4,"indentSize":4,"insertSpaces":true,"cursorStyle":1,"lineNumbers":1}
sundersan0807/config/settings.py: {"tabSize":4,"indentSize":4,"insertSpaces":true,"cursorStyle":1,"lineNumbers":1}
sundersan0807/config/settings.py: {"tabSize":4,"indentSize":4,"insertSpaces":true,"cursorStyle":1,"lineNumbers":1}
sundersan0807/config/settings.py: {"tabSize":4,"indentSize":4,"insertSpaces":true,"cursorStyle":1,"lineNumbers":1}
sundersan0807/config/settings.py: {"tabSize":4,"indentSize":4,"insertSpaces":true,"cursorStyle":1,"lineNumbers":1}
sundersan0807/config/settings.py: Using EditorConfig core...
sundersan0807/config/settings.py: {"tabSize":4,"indentSize":4,"insertSpaces":true,"cursorStyle":1,"lineNumbers":1}
sundersan0807/config/settings.py: Using EditorConfig core...
sundersan0807/config/settings.py: {"tabSize":4,"indentSize":4,"insertSpaces":true,"cursorStyle":1,"lineNumbers":1}
sundersan0807/config/settings.py: Using EditorConfig core...
sundersan0807/config/settings.py: Using EditorConfig core...
sundersan0807/config/settings.py: Using EditorConfig core...
sundersan0807/config/settings.py: Using EditorConfig core...
sundersan0807/core/templates/core/list.html: {"tabSize":4,"indentSize":4,"insertSpaces":true,"cursorStyle":1,"lineNumbers":1}
sundersan0807/core/views.py: {"tabSize":4,"indentSize":4,"insertSpaces":true,"cursorStyle":1,"lineNumbers":1}
No more open editors.
No more open editors.
/User/settings.json: {"tabSize":4,"indentSize":4,"insertSpaces":true,"cursorStyle":1,"lineNumbers":1}
/User/settings.json: Using EditorConfig core...
/User/settings.json: Using EditorConfig core...
/User/settings.json: Using EditorConfig core...
/User/settings.json: Using EditorConfig core...
/User/settings.json: Using EditorConfig core...
No more open editors.
No more open editors.
undefined: {"tabSize":4,"indentSize":4,"insertSpaces":true,"cursorStyle":1,"lineNumbers":0}
sundersan0807/core/views.py: {"tabSize":4,"indentSize":4,"insertSpaces":true,"cursorStyle":1,"lineNumbers":1}
sundersan0807/core/views.py: {"tabSize":4,"indentSize":4,"insertSpaces":true,"cursorStyle":1,"lineNumbers":1}
sundersan0807/bpo_docs/models.py: {"tabSize":4,"indentSize":4,"insertSpaces":true,"cursorStyle":1,"lineNumbers":1}
sundersan0807/bpo_docs/models.py: {"tabSize":4,"indentSize":4,"insertSpaces":true,"cursorStyle":1,"lineNumbers":1}
sundersan0807/core/views.py: {"tabSize":4,"indentSize":4,"insertSpaces":true,"cursorStyle":1,"lineNumbers":1}
sundersan0807/core/views.py: {"tabSize":4,"indentSize":4,"insertSpaces":true,"cursorStyle":1,"lineNumbers":1}
sundersan0807/core/views.py: {"tabSize":4,"indentSize":4,"insertSpaces":true,"cursorStyle":1,"lineNumbers":1}
sundersan0807/core/views.py: {"tabSize":4,"indentSize":4,"insertSpaces":true,"cursorStyle":1,"lineNumbers":1}
sundersan0807/core/views.py: {"tabSize":4,"indentSize":4,"insertSpaces":true,"cursorStyle":1,"lineNumbers":1}
sundersan0807/masters/models.py: {"tabSize":4,"indentSize":4,"insertSpaces":true,"cursorStyle":1,"lineNumbers":1}
sundersan0807/masters/models.py: Using EditorConfig core...
sundersan0807/masters/models.py: {"tabSize":4,"indentSize":4,"insertSpaces":true,"cursorStyle":1,"lineNumbers":1}
sundersan0807/masters/admin.py: {"tabSize":4,"indentSize":4,"insertSpaces":true,"cursorStyle":1,"lineNumbers":1}
sundersan0807/masters/admin.py: Using EditorConfig core...
sundersan0807/masters/admin.py: {"tabSize":4,"indentSize":4,"insertSpaces":true,"cursorStyle":1,"lineNumbers":1}
sundersan0807/config/settings.py: {"tabSize":4,"indentSize":4,"insertSpaces":true,"cursorStyle":1,"lineNumbers":1}
sundersan0807/config/settings.py: Using EditorConfig core...
sundersan0807/config/settings.py: Using EditorConfig core...
sundersan0807/config/settings.py: Using EditorConfig core...
sundersan0807/config/settings.py: {"tabSize":4,"indentSize":4,"insertSpaces":true,"cursorStyle":1,"lineNumbers":1}
sundersan0807/config/settings.py: Using EditorConfig core...
sundersan0807/config/settings.py: {"tabSize":4,"indentSize":4,"insertSpaces":true,"cursorStyle":1,"lineNumbers":1}
sundersan0807/config/settings.py: {"tabSize":4,"indentSize":4,"insertSpaces":true,"cursorStyle":1,"lineNumbers":1}
sundersan0807/config/settings.py: {"tabSize":4,"indentSize":4,"insertSpaces":true,"cursorStyle":1,"lineNumbers":1}
sundersan0807/config/settings.py: {"tabSize":4,"indentSize":4,"insertSpaces":true,"cursorStyle":1,"lineNumbers":1}
sundersan0807/logs/models.py: {"tabSize":4,"indentSize":4,"insertSpaces":true,"cursorStyle":1,"lineNumbers":1}
sundersan0807/logs/models.py: Using EditorConfig core...
sundersan0807/logs/admin.py: {"tabSize":4,"indentSize":4,"insertSpaces":true,"cursorStyle":1,"lineNumbers":1}
sundersan0807/logs/admin.py: {"tabSize":4,"indentSize":4,"insertSpaces":true,"cursorStyle":1,"lineNumbers":1}
sundersan0807/logs/admin.py: Using EditorConfig core...
sundersan0807/logs/admin.py: Using EditorConfig core...
sundersan0807/logs/admin.py: Using EditorConfig core...
sundersan0807/logs/admin.py: Using EditorConfig core...
sundersan0807/logs/admin.py: Using EditorConfig core...
sundersan0807/logs/admin.py: Using EditorConfig core...
sundersan0807/logs/admin.py: Using EditorConfig core...
sundersan0807/logs/admin.py: Using EditorConfig core...
sundersan0807/logs/admin.py: Using EditorConfig core...
sundersan0807/logs/models.py: {"tabSize":4,"indentSize":4,"insertSpaces":true,"cursorStyle":1,"lineNumbers":1}
sundersan0807/logs/admin.py: {"tabSize":4,"indentSize":4,"insertSpaces":true,"cursorStyle":1,"lineNumbers":1}
sundersan0807/logs/admin.py: {"tabSize":4,"indentSize":4,"insertSpaces":true,"cursorStyle":1,"lineNumbers":1}
sundersan0807/logs/admin.py: {"tabSize":4,"indentSize":4,"insertSpaces":true,"cursorStyle":1,"lineNumbers":1}
sundersan0807/logs/admin.py: {"tabSize":4,"indentSize":4,"insertSpaces":true,"cursorStyle":1,"lineNumbers":1}
sundersan0807/logs/admin.py: Using EditorConfig core...
sundersan0807/logs/admin.py: {"tabSize":4,"indentSize":4,"insertSpaces":true,"cursorStyle":1,"lineNumbers":1}
sundersan0807/logs/admin.py: Using EditorConfig core...
sundersan0807/logs/admin.py: Using EditorConfig core...
sundersan0807/logs/admin.py: Using EditorConfig core...
sundersan0807/logs/admin.py: Using EditorConfig core...
sundersan0807/logs/admin.py: Using EditorConfig core...
sundersan0807/logs/admin.py: Using EditorConfig core...
sundersan0807/logs/admin.py: Using EditorConfig core...
sundersan0807/logs/admin.py: {"tabSize":4,"indentSize":4,"insertSpaces":true,"cursorStyle":1,"lineNumbers":1}
sundersan0807/logs/models.py: {"tabSize":4,"indentSize":4,"insertSpaces":true,"cursorStyle":1,"lineNumbers":1}
sundersan0807/logs/admin.py: {"tabSize":4,"indentSize":4,"insertSpaces":true,"cursorStyle":1,"lineNumbers":1}
sundersan0807/config/settings.py: {"tabSize":4,"indentSize":4,"insertSpaces":true,"cursorStyle":1,"lineNumbers":1}
sundersan0807/config/settings.py: Using EditorConfig core...
sundersan0807/config/settings.py: {"tabSize":4,"indentSize":4,"insertSpaces":true,"cursorStyle":1,"lineNumbers":1}
sundersan0807/config/settings.py: {"tabSize":4,"indentSize":4,"insertSpaces":true,"cursorStyle":1,"lineNumbers":1}
sundersan0807/config/settings.py: {"tabSize":4,"indentSize":4,"insertSpaces":true,"cursorStyle":1,"lineNumbers":1}
sundersan0807/config/settings.py: {"tabSize":4,"indentSize":4,"insertSpaces":true,"cursorStyle":1,"lineNumbers":1}
sundersan0807/config/settings.py: {"tabSize":4,"indentSize":4,"insertSpaces":true,"cursorStyle":1,"lineNumbers":1}
sundersan0807/config/settings.py: Using EditorConfig core...
sundersan0807/config/settings.py: Using EditorConfig core...
sundersan0807/config/settings.py: {"tabSize":4,"indentSize":4,"insertSpaces":true,"cursorStyle":1,"lineNumbers":1}
sundersan0807/config/settings.py: {"tabSize":4,"indentSize":4,"insertSpaces":true,"cursorStyle":1,"lineNumbers":1}
sundersan0807/logs/admin.py: {"tabSize":4,"indentSize":4,"insertSpaces":true,"cursorStyle":1,"lineNumbers":1}
sundersan0807/logs/admin.py: Using EditorConfig core...
sundersan0807/logs/admin.py: Using EditorConfig core...
sundersan0807/logs/admin.py: {"tabSize":4,"indentSize":4,"insertSpaces":true,"cursorStyle":1,"lineNumbers":1}
sundersan0807/logs/admin.py: {"tabSize":4,"indentSize":4,"insertSpaces":true,"cursorStyle":1,"lineNumbers":1}
sundersan0807/logs/admin.py: Using EditorConfig core...
sundersan0807/logs/admin.py: Using EditorConfig core...
sundersan0807/logs/admin.py: Using EditorConfig core...
sundersan0807/logs/admin.py: Using EditorConfig core...
sundersan0807/logs/admin.py: Using EditorConfig core...
sundersan0807/logs/admin.py: Using EditorConfig core...
sundersan0807/logs/admin.py: Using EditorConfig core...
