2026-01-31 06:29:08.464 [warning] Dir "/home/sundersan0807/.pixi/envs" is not watchable (directory does not exist)
2026-01-31 06:29:13.068 [info] Skipping ActivatedEnv Detection:  process.env.VSCODE_CLI !== '1'
2026-01-31 06:29:13.079 [info] Python interpreter path: ./venv/bin/python
2026-01-31 06:29:13.577 [info] > pyenv which python
2026-01-31 06:29:13.577 [info] cwd: .
2026-01-31 06:29:17.443 [info] Send text to terminal: source /home/sundersan0807/venv/bin/activate
2026-01-31 06:29:18.242 [info] Starting Jedi language server for sundersan0807.
2026-01-31 06:31:44.588 [info] Discover tests for workspace name: sundersan0807 - uri: /home/sundersan0807/config/urls.py
2026-01-31 06:31:49.146 [info] Discover tests for workspace name: sundersan0807 - uri: /home/sundersan0807/config/urls.py
2026-01-31 06:31:55.562 [info] Discover tests for workspace name: sundersan0807 - uri: /home/sundersan0807/config/urls.py
2026-01-31 06:31:57.273 [info] Discover tests for workspace name: sundersan0807 - uri: /home/sundersan0807/config/urls.py
2026-01-31 06:31:58.597 [info] Discover tests for workspace name: sundersan0807 - uri: /home/sundersan0807/config/urls.py
2026-01-31 06:32:05.149 [info] Discover tests for workspace name: sundersan0807 - uri: /home/sundersan0807/config/urls.py
2026-01-31 06:32:05.909 [info] Discover tests for workspace name: sundersan0807 - uri: /home/sundersan0807/config/urls.py
2026-01-31 06:34:14.701 [info] Discover tests for workspace name: sundersan0807 - uri: /home/sundersan0807/config/urls.py
2026-01-31 06:34:18.318 [info] Discover tests for workspace name: sundersan0807 - uri: /home/sundersan0807/config/urls.py
2026-01-31 06:34:20.008 [info] Discover tests for workspace name: sundersan0807 - uri: /home/sundersan0807/config/urls.py
2026-01-31 06:35:34.137 [info] Discover tests for workspace name: sundersan0807 - uri: /home/sundersan0807/config/urls.py
2026-01-31 06:35:41.116 [info] Discover tests for workspace name: sundersan0807 - uri: /home/sundersan0807/config/urls.py
2026-01-31 06:37:19.464 [info] Discover tests for workspace name: sundersan0807 - uri: /home/sundersan0807/config/urls.py
2026-01-31 06:37:22.914 [info] Discover tests for workspace name: sundersan0807 - uri: /home/sundersan0807/config/urls.py
2026-01-31 06:37:25.533 [info] Discover tests for workspace name: sundersan0807 - uri: /home/sundersan0807/config/urls.py
2026-01-31 06:37:27.447 [info] Discover tests for workspace name: sundersan0807 - uri: /home/sundersan0807/config/urls.py
2026-01-31 06:39:26.878 [info] Discover tests for workspace name: sundersan0807 - uri: /home/sundersan0807/frontend/views.py
2026-01-31 06:39:37.458 [info] Discover tests for workspace name: sundersan0807 - uri: /home/sundersan0807/frontend/views.py
2026-01-31 06:39:40.335 [info] Discover tests for workspace name: sundersan0807 - uri: /home/sundersan0807/frontend/views.py
2026-01-31 06:40:34.685 [info] Discover tests for workspace name: sundersan0807 - uri: /home/sundersan0807/frontend/views.py
2026-01-31 06:40:36.450 [info] Discover tests for workspace name: sundersan0807 - uri: /home/sundersan0807/frontend/views.py
2026-01-31 06:40:50.108 [info] Discover tests for workspace name: sundersan0807 - uri: /home/sundersan0807/frontend/urls.py
2026-01-31 06:40:50.558 [info] Discover tests for workspace name: sundersan0807 - uri: /home/sundersan0807/frontend/urls.py
2026-01-31 06:43:25.439 [info] Discover tests for workspace name: sundersan0807 - uri: /home/sundersan0807/frontend/views.py
2026-01-31 06:43:27.292 [info] Discover tests for workspace name: sundersan0807 - uri: /home/sundersan0807/frontend/views.py
2026-01-31 06:53:08.485 [info] Discover tests for workspace name: sundersan0807 - uri: /home/sundersan0807/frontend/urls.py
2026-01-31 06:54:41.118 [info] Discover tests for workspace name: sundersan0807 - uri: /home/sundersan0807/frontend/urls.py
